qqwe<testsuite errors="0" failures="20" name="" tests="1674" time="9420.085">
<testcase classname="tempest.api.compute.admin.test_agents.AgentsAdminTestJSON" name="test_create_agent[id-1fc6bdc8-0b6d-4cc7-9f30-9b04fabe5b90]" time="0.290"/>
<testcase classname="tempest.api.compute.admin.test_agents.AgentsAdminTestJSON" name="test_delete_agent[id-470e0b89-386f-407b-91fd-819737d0b335]" time="0.270"/>
<testcase classname="tempest.api.compute.admin.test_agents.AgentsAdminTestJSON" name="test_list_agents[id-6a326c69-654b-438a-80a3-34bcc454e138]" time="0.122"/>
<testcase classname="tempest.api.compute.admin.test_agents.AgentsAdminTestJSON" name="test_list_agents_with_filter[id-eabadde4-3cd7-4ec4-a4b5-5a936d2d4408]" time="0.226"/>
<testcase classname="tempest.api.compute.admin.test_agents.AgentsAdminTestJSON" name="test_update_agent[id-dc9ffd51-1c50-4f0e-a820-ae6d2a568a9e]" time="0.146"/>
<testcase classname="tempest.api.compute.admin.test_aggregates.AggregatesAdminTestV241" name="test_create_update_show_aggregate_add_remove_host[id-fdf24d9e-8afa-4700-b6aa-9c498351504f]" time="2.058"/>
<testcase classname="tempest.api.compute.admin.test_availability_zone.AZAdminV2TestJSON" name="test_get_availability_zone_list[id-d3431479-8a09-4f76-aa2d-26dc580cb27c]" time="0.280"/>
<testcase classname="tempest.api.compute.admin.test_availability_zone.AZAdminV2TestJSON" name="test_get_availability_zone_list_detail[id-ef726c58-530f-44c2-968c-c7bed22d5b8c]" time="0.092"/>
<testcase classname="tempest.api.compute.admin.test_aggregates.AggregatesAdminTestJSON" name="test_aggregate_add_host_create_server_with_az[id-96be03c7-570d-409c-90f8-e4db3c646996]" time="10.399"/>
<testcase classname="tempest.api.compute.admin.test_aggregates.AggregatesAdminTestJSON" name="test_aggregate_add_host_get_details[id-eeef473c-7c52-494d-9f09-2ed7fc8fc036]" time="0.537"/>
<testcase classname="" name="setUpClass (tempest.api.compute.admin.test_fixed_ips_negative.FixedIPsNegativeTestJson)" time="0.000">
<skipped>FixedIPsNegativeTestJson skipped as neutron is available</skipped>
</testcase>
<testcase classname="tempest.api.compute.admin.test_aggregates.AggregatesAdminTestJSON" name="test_aggregate_add_host_list[id-7f6a1cc5-2446-4cdb-9baa-b6ae0a919b72]" time="0.563"/>
<testcase classname="tempest.api.compute.admin.test_aggregates.AggregatesAdminTestJSON" name="test_aggregate_add_remove_host[id-c8e85064-e79b-4906-9931-c11c24294d02]" time="0.447"/>
<testcase classname="tempest.api.compute.admin.test_aggregates.AggregatesAdminTestJSON" name="test_aggregate_create_delete[id-0d148aa3-d54c-4317-aa8d-42040a475e20]" time="0.477"/>
<testcase classname="tempest.api.compute.admin.test_aggregates.AggregatesAdminTestJSON" name="test_aggregate_create_delete_with_az[id-5873a6f8-671a-43ff-8838-7ce430bb6d0b]" time="0.521"/>
<testcase classname="tempest.api.compute.admin.test_aggregates.AggregatesAdminTestJSON" name="test_aggregate_create_update_metadata_get_details[id-36ec92ca-7a73-43bc-b920-7531809e8540]" time="0.306"/>
<testcase classname="tempest.api.compute.admin.test_auto_allocate_network.AutoAllocateNetworkTest" name="test_server_create_no_allocate[id-5eb7b8fa-9c23-47a2-9d7d-02ed5809dd34]" time="5.928"/>
<testcase classname="tempest.api.compute.admin.test_aggregates.AggregatesAdminTestJSON" name="test_aggregate_create_update_with_az[id-4d2b2004-40fa-40a1-aab2-66f4dab81beb]" time="0.478"/>
<testcase classname="tempest.api.compute.admin.test_aggregates.AggregatesAdminTestJSON" name="test_aggregate_create_verify_entry_in_list[id-68089c38-04b1-4758-bdf0-cf0daec4defd]" time="0.232"/>
<testcase classname="tempest.api.compute.admin.test_auto_allocate_network.AutoAllocateNetworkTest" name="test_server_multi_create_auto_allocate[id-2e6cf129-9e28-4e8a-aaaa-045ea826b2a6]" time="0.582">
<failure type="testtools.testresult.real._StringException">Traceback (most recent call last):
testtools.testresult.real._StringException: pythonlogging:'': {{{
2019-10-28 02:10:57,549 25 DEBUG    [urllib3.connectionpool] Resetting dropped connection: nova.openstack.svc.kaas-kubernetes-8a8072904395409c9ad846b01308b516
2019-10-28 02:10:58,127 25 DEBUG    [urllib3.connectionpool] https://nova.openstack.svc.kaas-kubernetes-8a8072904395409c9ad846b01308b516:443 "POST /v2.1/9b2001f794654828bc1270e743d82d4f/servers HTTP/1.1" 400 131
}}}

Traceback (most recent call last):
  File "/var/lib/openstack/lib/python3.6/site-packages/tempest/api/compute/admin/test_auto_allocate_network.py", line 176, in test_server_multi_create_auto_allocate
    min_count=3)
  File "/var/lib/openstack/lib/python3.6/site-packages/tempest/common/compute.py", line 198, in create_test_server
    **kwargs)
  File "/var/lib/openstack/lib/python3.6/site-packages/tempest/lib/services/compute/servers_client.py", line 97, in create_server
    resp, body = self.post('servers', post_body)
  File "/var/lib/openstack/lib/python3.6/site-packages/tempest/lib/common/rest_client.py", line 283, in post
    return self.request('POST', url, extra_headers, headers, body, chunked)
  File "/var/lib/openstack/lib/python3.6/site-packages/tempest/lib/services/compute/base_compute_client.py", line 48, in request
    method, url, extra_headers, headers, body, chunked)
  File "/var/lib/openstack/lib/python3.6/site-packages/tempest/lib/common/rest_client.py", line 679, in request
    self._error_checker(resp, resp_body)
  File "/var/lib/openstack/lib/python3.6/site-packages/tempest/lib/common/rest_client.py", line 790, in _error_checker
    raise exceptions.BadRequest(resp_body, resp=resp)
tempest.lib.exceptions.BadRequest: Bad request
Details: {'code': 400, 'message': 'Unable to automatically allocate a network for project 9b2001f794654828bc1270e743d82d4f'}

</failure>
</testcase>
<testcase classname="tempest.api.compute.admin.test_flavors_access.FlavorsAccessTestJSON" name="test_flavor_access_add_remove[id-59e622f6-bdf6-45e3-8ba8-fedad905a6b4]" time="1.082"/>
<testcase classname="tempest.api.compute.admin.test_flavors_access.FlavorsAccessTestJSON" name="test_flavor_access_list_with_private_flavor[id-ea2c2211-29fa-4db9-97c3-906d36fad3e0]" time="0.291"/>
<testcase classname="tempest.api.compute.admin.test_availability_zone_negative.AZAdminNegativeTestJSON" name="test_get_availability_zone_list_detail_with_non_admin_user[id-bf34dca2-fdc3-4073-9c02-7648d9eae0d7,negative]" time="0.481"/>
<testcase classname="tempest.api.compute.admin.test_aggregates_negative.AggregatesAdminNegativeTestJSON" name="test_aggregate_add_existent_host[id-19dd44e1-c435-4ee1-a402-88c4f90b5950,negative]" time="0.822"/>
<testcase classname="tempest.api.compute.admin.test_aggregates_negative.AggregatesAdminNegativeTestJSON" name="test_aggregate_add_host_as_user[id-7324c334-bd13-4c93-8521-5877322c3d51,negative]" time="0.426"/>
<testcase classname="tempest.api.compute.admin.test_aggregates_negative.AggregatesAdminNegativeTestJSON" name="test_aggregate_add_non_exist_host[id-0ef07828-12b4-45ba-87cc-41425faf5711,negative]" time="0.247"/>
<testcase classname="tempest.api.compute.admin.test_aggregates_negative.AggregatesAdminNegativeTestJSON" name="test_aggregate_create_aggregate_name_length_exceeds_255[id-4c194563-543b-4e70-a719-557bbe947fac,negative]" time="0.033"/>
<testcase classname="tempest.api.compute.admin.test_aggregates_negative.AggregatesAdminNegativeTestJSON" name="test_aggregate_create_aggregate_name_length_less_than_1[id-3b8a1929-3793-4e92-bcb4-dfa572ee6c1d,negative]" time="0.043"/>
<testcase classname="tempest.api.compute.admin.test_aggregates_negative.AggregatesAdminNegativeTestJSON" name="test_aggregate_create_as_user[id-86a1cb14-da37-4a70-b056-903fd56dfe29,negative]" time="0.041"/>
<testcase classname="tempest.api.compute.admin.test_aggregates_negative.AggregatesAdminNegativeTestJSON" name="test_aggregate_create_with_existent_aggregate_name[id-9c23a291-b0b1-487b-b464-132e061151b3,negative]" time="0.222"/>
<testcase classname="tempest.api.compute.admin.test_flavors_access_negative.FlavorsAccessNegativeTestJSON" name="test_add_flavor_access_duplicate[id-f3592cc0-0306-483c-b210-9a7b5346eddc,negative]" time="1.183"/>
<testcase classname="tempest.api.compute.admin.test_aggregates_negative.AggregatesAdminNegativeTestJSON" name="test_aggregate_delete_as_user[id-cd6de795-c15d-45f1-8d9e-813c6bb72a3d,negative]" time="0.252"/>
<testcase classname="tempest.api.compute.admin.test_aggregates_negative.AggregatesAdminNegativeTestJSON" name="test_aggregate_delete_with_invalid_id[id-c74f4bf1-4708-4ff2-95a0-f49eaca951bd,negative]" time="0.094"/>
<testcase classname="tempest.api.compute.admin.test_flavors_access_negative.FlavorsAccessNegativeTestJSON" name="test_flavor_access_list_with_public_flavor[id-0621c53e-d45d-40e7-951d-43e5e257b272,negative]" time="0.331"/>
<testcase classname="tempest.api.compute.admin.test_aggregates_negative.AggregatesAdminNegativeTestJSON" name="test_aggregate_get_details_as_user[id-557cad12-34c9-4ff4-95f0-22f0dfbaf7dc,negative]" time="0.197"/>
<testcase classname="tempest.api.compute.admin.test_aggregates_negative.AggregatesAdminNegativeTestJSON" name="test_aggregate_get_details_with_invalid_id[id-3c916244-2c46-49a4-9b55-b20bb0ae512c,negative]" time="0.063"/>
<testcase classname="tempest.api.compute.admin.test_aggregates_negative.AggregatesAdminNegativeTestJSON" name="test_aggregate_list_as_user[id-b7d475a6-5dcd-4ff4-b70a-cd9de66a6672,negative]" time="0.034"/>
<testcase classname="tempest.api.compute.admin.test_flavors_access_negative.FlavorsAccessNegativeTestJSON" name="test_flavor_non_admin_add[id-41eaaade-6d37-4f28-9c74-f21b46ca67bd,negative]" time="0.537"/>
<testcase classname="tempest.api.compute.admin.test_aggregates_negative.AggregatesAdminNegativeTestJSON" name="test_aggregate_remove_host_as_user[id-7a53af20-137a-4e44-a4ae-e19260e626d9,negative]" time="0.473"/>
<testcase classname="tempest.api.compute.admin.test_aggregates_negative.AggregatesAdminNegativeTestJSON" name="test_aggregate_remove_nonexistent_host[id-95d6a6fa-8da9-4426-84d0-eec0329f2e4d,negative]" time="0.219"/>
<testcase classname="tempest.api.compute.admin.test_flavors_access_negative.FlavorsAccessNegativeTestJSON" name="test_flavor_non_admin_remove[id-073e79a6-c311-4525-82dc-6083d919cb3a,negative]" time="0.954"/>
<testcase classname="tempest.api.compute.admin.test_flavors_access_negative.FlavorsAccessNegativeTestJSON" name="test_remove_flavor_access_not_found[id-1f710927-3bc7-4381-9f82-0ca6e42644b7,negative]" time="0.429"/>
<testcase classname="tempest.api.compute.admin.test_flavors_extra_specs.FlavorsExtraSpecsTestJSON" name="test_flavor_non_admin_get_all_keys[id-a99dad88-ae1c-4fba-aeb4-32f898218bd0]" time="0.800"/>
<testcase classname="tempest.api.compute.admin.test_flavors_extra_specs.FlavorsExtraSpecsTestJSON" name="test_flavor_non_admin_get_specific_key[id-12805a7f-39a3-4042-b989-701d5cad9c90]" time="0.122"/>
<testcase classname="tempest.api.compute.admin.test_flavors_extra_specs.FlavorsExtraSpecsTestJSON" name="test_flavor_set_get_update_show_unset_keys[id-0b2f9d4b-1ca2-4b99-bb40-165d4bb94208]" time="0.440"/>
<testcase classname="tempest.api.compute.admin.test_flavors_microversions.FlavorsV255TestJSON" name="test_crud_flavor[id-61976b25-488d-41dc-9dcb-cb9693a7b075]" time="1.272"/>
<testcase classname="tempest.api.compute.admin.test_hypervisor.HypervisorAdminUnderV252Test" name="test_get_hypervisor_show_servers[id-e81bba3f-6215-4e39-a286-d52d2f906862]" time="0.440"/>
<testcase classname="tempest.api.compute.admin.test_hypervisor.HypervisorAdminUnderV252Test" name="test_search_hypervisor[id-d7e1805b-3b14-4a3b-b6fd-50ec6d9f361f]" time="0.182"/>
<testcase classname="tempest.api.compute.admin.test_delete_server.DeleteServersAdminTestJSON" name="test_admin_delete_servers_of_others[id-73177903-6737-4f27-a60c-379e8ae8cf48]" time="14.703"/>
<testcase classname="tempest.api.compute.admin.test_hosts.HostsAdminTestJSON" name="test_list_hosts[id-9bfaf98d-e2cb-44b0-a07e-2558b2821e4f]" time="0.225"/>
<testcase classname="tempest.api.compute.admin.test_hosts.HostsAdminTestJSON" name="test_list_hosts_with_a_blank_zone[id-9af3c171-fbf4-4150-a624-22109733c2a6]" time="0.074"/>
<testcase classname="tempest.api.compute.admin.test_hosts.HostsAdminTestJSON" name="test_list_hosts_with_nonexistent_zone[id-c6ddbadb-c94e-4500-b12f-8ffc43843ff8]" time="0.066"/>
<testcase classname="tempest.api.compute.admin.test_hosts.HostsAdminTestJSON" name="test_list_hosts_with_zone[id-5dc06f5b-d887-47a2-bb2a-67762ef3c6de]" time="0.127"/>
<testcase classname="tempest.api.compute.admin.test_hosts.HostsAdminTestJSON" name="test_show_host_detail[id-38adbb12-aee2-4498-8aec-329c72423aa4]" time="0.313"/>
<testcase classname="tempest.api.compute.admin.test_hypervisor_negative.HypervisorAdminNegativeTestJSON" name="test_get_hypervisor_list_details_with_non_admin_user[id-dc02db05-e801-4c5f-bc8e-d915290ab345,negative]" time="0.388"/>
<testcase classname="tempest.api.compute.admin.test_hypervisor_negative.HypervisorAdminNegativeTestJSON" name="test_get_hypervisor_list_with_non_admin_user[id-51b3d536-9b14-409c-9bce-c6f7c794994e,negative]" time="0.034"/>
<testcase classname="tempest.api.compute.admin.test_hypervisor_negative.HypervisorAdminNegativeTestJSON" name="test_get_hypervisor_stats_with_non_admin_user[id-e2b061bb-13f9-40d8-9d6e-d5bf17595849,negative]" time="0.033"/>
<testcase classname="tempest.api.compute.admin.test_hypervisor_negative.HypervisorAdminNegativeTestJSON" name="test_get_hypervisor_uptime_with_non_admin_user[id-6c3461f9-c04c-4e2a-bebb-71dc9cb47df2,negative]" time="0.453"/>
<testcase classname="tempest.api.compute.admin.test_hypervisor_negative.HypervisorAdminNegativeTestJSON" name="test_get_nonexistent_hypervisor_uptime[id-f60aa680-9a3a-4c7d-90e1-fae3a4891303,negative]" time="0.046"/>
<testcase classname="tempest.api.compute.admin.test_hypervisor_negative.HypervisorAdminNegativeTestJSON" name="test_show_hypervisor_with_non_admin_user[id-51e663d0-6b89-4817-a465-20aca0667d03,negative]" time="0.155"/>
<testcase classname="tempest.api.compute.admin.test_hypervisor.HypervisorAdminTestJSON" name="test_get_hypervisor_list[id-7f0ceacd-c64d-4e96-b8ee-d02943142cc5]" time="0.161"/>
<testcase classname="tempest.api.compute.admin.test_hypervisor_negative.HypervisorAdminNegativeTestJSON" name="test_show_nonexistent_hypervisor[id-c136086a-0f67-4b2b-bc61-8482bd68989f,negative]" time="0.035"/>
<testcase classname="tempest.api.compute.admin.test_hypervisor.HypervisorAdminTestJSON" name="test_get_hypervisor_list_details[id-1e7fdac2-b672-4ad1-97a4-bad0e3030118]" time="0.097"/>
<testcase classname="tempest.api.compute.admin.test_hypervisor.HypervisorAdminTestJSON" name="test_get_hypervisor_show_details[id-94ff9eae-a183-428e-9cdb-79fde71211cc]" time="0.215"/>
<testcase classname="tempest.api.compute.admin.test_hypervisor.HypervisorAdminTestJSON" name="test_get_hypervisor_stats[id-797e4f28-b6e0-454d-a548-80cc77c00816]" time="0.051"/>
<testcase classname="tempest.api.compute.admin.test_hypervisor.HypervisorAdminTestJSON" name="test_get_hypervisor_uptime[id-91a50d7d-1c2b-4f24-b55a-a1fe20efca70]" time="0.614"/>
<testcase classname="tempest.api.compute.admin.test_delete_server.DeleteServersAdminTestJSON" name="test_delete_server_while_in_error_state[id-99774678-e072-49d1-9d2a-49a59bc56063]" time="10.198"/>
<testcase classname="" name="setUpClass (tempest.api.compute.admin.test_live_migration.LiveMigrationTest)" time="0.000">
<skipped>Less than 2 compute nodes, skipping migration test.</skipped>
</testcase>
<testcase classname="" name="setUpClass (tempest.api.compute.admin.test_fixed_ips.FixedIPsTestJson)" time="0.000">
<skipped>FixedIPsTestJson skipped as neutron is available</skipped>
</testcase>
<testcase classname="tempest.api.compute.admin.test_instance_usage_audit_log_negative.InstanceUsageAuditLogNegativeTestJSON" name="test_get_instance_usage_audit_logs_with_invalid_time[id-9b952047-3641-41c7-ba91-a809fc5974c8,negative]" time="0.190"/>
<testcase classname="tempest.api.compute.admin.test_instance_usage_audit_log_negative.InstanceUsageAuditLogNegativeTestJSON" name="test_instance_usage_audit_logs_with_nonadmin_user[id-a9d33178-d2c9-4131-ad3b-f4ca8d0308a2,negative]" time="0.333"/>
<testcase classname="tempest.api.compute.admin.test_quotas.QuotaClassesAdminTestJSON" name="test_update_default_quotas[id-7932ab0f-5136-4075-b201-c0e2338df51a]" time="1.142"/>
<testcase classname="tempest.api.compute.admin.test_flavors.FlavorsAdminTestJSON" name="test_create_flavor_using_string_ram[id-3b541a2e-2ac2-4b42-8b8d-ba6e22fcd4da]" time="0.687"/>
<testcase classname="tempest.api.compute.admin.test_flavors.FlavorsAdminTestJSON" name="test_create_flavor_verify_entry_in_list_details[id-8261d7b0-be58-43ec-a2e5-300573c3f6c5]" time="0.245"/>
<testcase classname="" name="setUpClass (tempest.api.compute.admin.test_live_migration.LiveAutoBlockMigrationV225Test)" time="0.000">
<skipped>Less than 2 compute nodes, skipping migration test.</skipped>
</testcase>
<testcase classname="" name="setUpClass (tempest.api.compute.admin.test_live_migration.LiveMigrationRemoteConsolesV26Test)" time="0.000">
<skipped>Less than 2 compute nodes, skipping migration test.</skipped>
</testcase>
<testcase classname="tempest.api.compute.admin.test_flavors.FlavorsAdminTestJSON" name="test_create_flavor_with_int_id[id-8b4330e1-12c4-4554-9390-e6639971f086]" time="0.176"/>
<testcase classname="tempest.api.compute.admin.test_flavors.FlavorsAdminTestJSON" name="test_create_flavor_with_none_id[id-f83fe669-6758-448a-a85e-32d351f36fe0]" time="0.185"/>
<testcase classname="tempest.api.compute.admin.test_flavors.FlavorsAdminTestJSON" name="test_create_flavor_with_uuid_id[id-94c9bb4e-2c2a-4f3c-bb1f-5f0daf918e6d]" time="0.182"/>
<testcase classname="tempest.api.compute.admin.test_flavors.FlavorsAdminTestJSON" name="test_create_list_flavor_without_extra_data[id-63dc64e6-2e79-4fdf-868f-85500d308d66]" time="0.788"/>
<testcase classname="tempest.api.compute.admin.test_flavors.FlavorsAdminTestJSON" name="test_create_server_with_non_public_flavor[id-bcc418ef-799b-47cc-baa1-ce01368b8987]" time="0.235"/>
<testcase classname="tempest.api.compute.admin.test_flavors.FlavorsAdminTestJSON" name="test_is_public_string_variations[id-fb9cbde6-3a0e-41f2-a983-bdb0a823c44e]" time="0.888"/>
<testcase classname="tempest.api.compute.admin.test_flavors.FlavorsAdminTestJSON" name="test_list_non_public_flavor[id-be6cc18c-7c5d-48c0-ac16-17eaf03c54eb]" time="0.283"/>
<testcase classname="tempest.api.compute.admin.test_flavors.FlavorsAdminTestJSON" name="test_list_public_flavor_with_other_user[id-b345b196-bfbd-4231-8ac1-6d7fe15ff3a3]" time="0.218"/>
<testcase classname="tempest.api.compute.admin.test_security_groups.SecurityGroupsTestAdminJSON" name="test_list_security_groups_list_all_tenants_filter[id-49667619-5af9-4c63-ab5d-2cfdd1c8f7f1,network]" time="4.920"/>
<testcase classname="tempest.api.compute.admin.test_live_migration_negative.LiveMigrationNegativeTest" name="test_invalid_host_for_migration[id-7fb7856e-ae92-44c9-861a-af62d7830bcb,negative]" time="5.768"/>
<testcase classname="" name="setUpClass (tempest.api.compute.admin.test_floating_ips_bulk.FloatingIPsBulkAdminTestJSON)" time="0.000">
<skipped>nova-network is gone</skipped>
</testcase>
<testcase classname="tempest.api.compute.admin.test_hypervisor.HypervisorAdminV228Test" name="test_get_list_hypervisor_details[id-d46bab64-0fbe-4eb8-9133-e6ee56188cc5]" time="0.300"/>
<testcase classname="tempest.api.compute.admin.test_live_migration_negative.LiveMigrationNegativeTest" name="test_live_block_migration_suspended[id-6e2f94f5-2ee8-4830-bef5-5bc95bb0795b,negative]" time="6.459"/>
<testcase classname="tempest.api.compute.admin.test_simple_tenant_usage.TenantUsagesTestJSON" name="test_get_usage_tenant[id-94135049-a4c5-4934-ad39-08fa7da4f22e]" time="0.423"/>
<testcase classname="tempest.api.compute.admin.test_simple_tenant_usage.TenantUsagesTestJSON" name="test_get_usage_tenant_with_non_admin_user[id-9d00a412-b40e-4fd9-8eba-97b496316116]" time="0.081"/>
<testcase classname="tempest.api.compute.admin.test_simple_tenant_usage.TenantUsagesTestJSON" name="test_list_usage_all_tenants[id-062c8ae9-9912-4249-8b51-e38d664e926e]" time="0.103"/>
<testcase classname="tempest.api.compute.admin.test_create_server.ServersWithSpecificFlavorTestJSON" name="test_verify_created_server_ephemeral_disk[id-b3c7bcfc-bb5b-4e22-b517-c7f686b802ca]" time="71.436"/>
<testcase classname="tempest.api.compute.admin.test_hypervisor_negative.HypervisorAdminNegativeUnderV252Test" name="test_search_hypervisor_with_non_admin_user[id-5b6a6c79-5dc1-4fa5-9c58-9c8085948e74,negative]" time="0.697"/>
<testcase classname="tempest.api.compute.admin.test_hypervisor_negative.HypervisorAdminNegativeUnderV252Test" name="test_search_nonexistent_hypervisor[id-19a45cc1-1000-4055-b6d2-28e8b2ec4faa,negative]" time="0.050"/>
<testcase classname="tempest.api.compute.admin.test_hypervisor_negative.HypervisorAdminNegativeUnderV252Test" name="test_show_servers_with_non_admin_user[id-2a0a3938-832e-4859-95bf-1c57c236b924,negative]" time="0.127"/>
<testcase classname="tempest.api.compute.admin.test_hypervisor_negative.HypervisorAdminNegativeUnderV252Test" name="test_show_servers_with_nonexistent_hypervisor[id-02463d69-0ace-4d33-a4a8-93d7883a2bba,negative]" time="0.054"/>
<testcase classname="tempest.api.compute.admin.test_quotas_negative.QuotasAdminNegativeTest" name="test_create_server_when_cpu_quota_is_full[id-91058876-9947-4807-9f22-f6eb17140d9b,negative]" time="3.287"/>
<testcase classname="tempest.api.compute.admin.test_simple_tenant_usage_negative.TenantUsagesNegativeTestJSON" name="test_get_usage_tenant_with_empty_tenant_id[id-8b21e135-d94b-4991-b6e9-87059609c8ed,negative]" time="0.394"/>
<testcase classname="tempest.api.compute.admin.test_simple_tenant_usage_negative.TenantUsagesNegativeTestJSON" name="test_get_usage_tenant_with_invalid_date[id-4079dd2a-9e8d-479f-869d-6fa985ce45b6,negative]" time="0.047"/>
<testcase classname="tempest.api.compute.admin.test_simple_tenant_usage_negative.TenantUsagesNegativeTestJSON" name="test_list_usage_all_tenants_with_non_admin_user[id-bbe6fe2c-15d8-404c-a0a2-44fad0ad5cc7,negative]" time="0.179"/>
<testcase classname="tempest.api.compute.admin.test_keypairs_v210.KeyPairsV210TestJSON" name="test_admin_manage_keypairs_for_other_users[id-3c8484af-cfb3-48f6-b8ba-d5d58bbf3eac]" time="1.119"/>
<testcase classname="tempest.api.compute.admin.test_quotas_negative.QuotasAdminNegativeTest" name="test_create_server_when_instances_quota_is_full[id-7c6be468-0274-449a-81c3-ac1c32ee0161,negative]" time="2.140"/>
<testcase classname="tempest.api.compute.admin.test_quotas_negative.QuotasAdminNegativeTest" name="test_create_server_when_memory_quota_is_full[id-6fdd7012-584d-4327-a61c-49122e0d5864,negative]" time="1.896"/>
<testcase classname="tempest.api.compute.admin.test_quotas_negative.QuotasAdminNegativeTest" name="test_update_quota_normal_user[id-733abfe8-166e-47bb-8363-23dbd7ff3476,negative]" time="0.048"/>
<testcase classname="tempest.api.compute.admin.test_quotas.QuotasAdminTestJSON" name="test_delete_quota[id-389d04f0-3a41-405f-9317-e5f86e3c44f0]" time="1.220"/>
<testcase classname="tempest.api.compute.images.test_image_metadata.ImagesMetadataTestJSON" name="test_delete_image_metadata_item[id-a013796c-ba37-4bb5-8602-d944511def14]" time="1.090"/>
<testcase classname="tempest.api.compute.admin.test_quotas.QuotasAdminTestJSON" name="test_get_default_quotas[id-3b0a7c8f-cf58-46b8-a60c-715a32a8ba7d]" time="0.386"/>
<testcase classname="tempest.api.compute.images.test_image_metadata.ImagesMetadataTestJSON" name="test_get_image_metadata_item[id-4f5db52f-6685-4c75-b848-f4bb363f9aa6]" time="0.612"/>
<testcase classname="tempest.api.compute.admin.test_quotas_negative.QuotasSecurityGroupAdminNegativeTest" name="test_security_groups_exceed_limit[id-7c6c8f3b-2bf6-4918-b240-57b136a66aa0,negative,network]" time="0.001">
<skipped>Skipped until bug: https://launchpad.net/bugs/1186354 is resolved.</skipped>
</testcase>
<testcase classname="tempest.api.compute.admin.test_quotas_negative.QuotasSecurityGroupAdminNegativeTest" name="test_security_groups_rules_exceed_limit[id-6e9f436d-f1ed-4f8e-a493-7275dfaa4b4d,negative,network]" time="0.001">
<skipped>Skipped until bug: https://launchpad.net/bugs/1186354 is resolved.</skipped>
</testcase>
<testcase classname="tempest.api.compute.images.test_image_metadata.ImagesMetadataTestJSON" name="test_list_image_metadata[id-37ec6edd-cf30-4c53-bd45-ae74db6b0531]" time="0.619"/>
<testcase classname="tempest.api.compute.images.test_image_metadata.ImagesMetadataTestJSON" name="test_set_image_metadata[id-ece7befc-d3ce-42a4-b4be-c3067a418c29]" time="0.986"/>
<testcase classname="tempest.api.compute.admin.test_quotas.QuotasAdminTestJSON" name="test_get_updated_quotas[id-ce9e0815-8091-4abd-8345-7fe5b85faa1d]" time="2.557"/>
<testcase classname="tempest.api.compute.images.test_image_metadata.ImagesMetadataTestJSON" name="test_set_image_metadata_item[id-f2de776a-4778-4d90-a5da-aae63aee64ae]" time="1.018"/>
<testcase classname="" name="setUpClass (tempest.api.compute.admin.test_security_group_default_rules.SecurityGroupDefaultRulesTest)" time="0.000">
<skipped>Skip as this functionality is not yet implemented in Neutron. Related Bug#1311500</skipped>
</testcase>
<testcase classname="tempest.api.compute.images.test_image_metadata.ImagesMetadataTestJSON" name="test_update_image_metadata[id-7b491c11-a9d5-40fe-a696-7f7e03d3fea2]" time="1.073"/>
<testcase classname="tempest.api.compute.admin.test_quotas.QuotasAdminTestJSON" name="test_update_all_quota_resources_for_tenant[id-55fbe2bf-21a9-435b-bbd2-4162b0ed799a]" time="1.767"/>
<testcase classname="tempest.api.compute.admin.test_flavors_extra_specs_negative.FlavorsExtraSpecsNegativeTestJSON" name="test_flavor_get_nonexistent_key[id-329a7be3-54b2-48be-8052-bf2ce4afd898,negative]" time="0.169"/>
<testcase classname="tempest.api.compute.admin.test_flavors_extra_specs_negative.FlavorsExtraSpecsNegativeTestJSON" name="test_flavor_non_admin_set_keys[id-a00a3b81-5641-45a8-ab2b-4a8ec41e1d7d,negative]" time="0.052"/>
<testcase classname="tempest.api.compute.admin.test_flavors_extra_specs_negative.FlavorsExtraSpecsNegativeTestJSON" name="test_flavor_non_admin_unset_keys[id-28f12249-27c7-44c1-8810-1f382f316b11,negative]" time="0.114"/>
<testcase classname="tempest.api.compute.admin.test_flavors_extra_specs_negative.FlavorsExtraSpecsNegativeTestJSON" name="test_flavor_non_admin_update_specific_key[id-1ebf4ef8-759e-48fe-a801-d451d80476fb,negative]" time="0.107"/>
<testcase classname="tempest.api.compute.admin.test_flavors_extra_specs_negative.FlavorsExtraSpecsNegativeTestJSON" name="test_flavor_unset_nonexistent_key[id-440b9f3f-3c7f-4293-a106-0ceda350f8de,negative]" time="0.047"/>
<testcase classname="tempest.api.compute.admin.test_flavors_extra_specs_negative.FlavorsExtraSpecsNegativeTestJSON" name="test_flavor_update_mismatch_key[id-25b822b8-9f49-44f6-80de-d99f0482e5cb,negative]" time="0.049"/>
<testcase classname="tempest.api.compute.admin.test_flavors_extra_specs_negative.FlavorsExtraSpecsNegativeTestJSON" name="test_flavor_update_more_key[id-f5889590-bf66-41cc-b4b1-6e6370cfd93f,negative]" time="0.039"/>
<testcase classname="tempest.api.compute.admin.test_servers_negative.ServersAdminNegativeTestJSON" name="test_migrate_non_existent_server[id-46a4e1ca-87ae-4d28-987a-1b6b136a0221,negative]" time="0.367"/>
<testcase classname="tempest.api.compute.admin.test_quotas.QuotasAdminTestV236" name="test_get_updated_quotas[id-4268b5c9-92e5-4adc-acf1-3a2798f3d803]" time="2.642"/>
<testcase classname="tempest.api.compute.admin.test_flavors_microversions.FlavorsV261TestJSON" name="test_crud_flavor[id-61976b25-488d-41dc-9dcb-cb9693a7b075]" time="0.956"/>
<testcase classname="tempest.api.compute.admin.test_servers_negative.ServersAdminNegativeTestJSON" name="test_migrate_server_invalid_state[id-b0b17f83-d14e-4fc4-8f31-bcc9f3cfa629,negative]" time="7.090"/>
<testcase classname="tempest.api.compute.admin.test_servers_negative.ServersAdminNegativeTestJSON" name="test_reset_state_server_invalid_state[id-b0b4d8af-1256-41ef-9ee7-25f1c19dde80,negative]" time="0.032"/>
<testcase classname="tempest.api.compute.admin.test_servers_negative.ServersAdminNegativeTestJSON" name="test_reset_state_server_invalid_type[id-4cdcc984-fab0-4577-9a9d-6d558527ee9d,negative]" time="0.040"/>
<testcase classname="tempest.api.compute.admin.test_servers_negative.ServersAdminNegativeTestJSON" name="test_reset_state_server_nonexistent_server[id-e741298b-8df2-46f0-81cb-8f814ff2504c,negative]" time="0.033"/>
<testcase classname="tempest.api.compute.admin.test_servers_negative.ServersAdminNegativeTestJSON" name="test_resize_server_using_overlimit_ram[id-28dcec23-f807-49da-822c-56a92ea3c687,negative]" time="0.000">
<skipped>Resize not available.</skipped>
</testcase>
<testcase classname="tempest.api.compute.admin.test_servers_negative.ServersAdminNegativeTestJSON" name="test_resize_server_using_overlimit_vcpus[id-7368a427-2f26-4ad9-9ba9-911a0ec2b0db,negative]" time="0.000">
<skipped>Resize not available.</skipped>
</testcase>
<testcase classname="tempest.api.compute.images.test_images.ImagesTestJSON" name="test_create_image_from_paused_server[id-71bcb732-0261-11e7-9086-fa163e4fa634]" time="12.192"/>
<testcase classname="tempest.api.compute.admin.test_hosts_negative.HostsAdminNegativeTestJSON" name="test_list_hosts_with_non_admin_user[id-dd032027-0210-4d9c-860e-69b1b8deed5f,negative]" time="0.161"/>
<testcase classname="tempest.api.compute.admin.test_hosts_negative.HostsAdminNegativeTestJSON" name="test_reboot_host_with_non_admin_user[id-02d79bb9-eb57-4612-abf6-2cb38897d2f8,negative]" time="0.033"/>
<testcase classname="tempest.api.compute.admin.test_hosts_negative.HostsAdminNegativeTestJSON" name="test_reboot_nonexistent_host[id-f86bfd7b-0b13-4849-ae29-0322e83ee58b,negative]" time="0.045"/>
<testcase classname="tempest.api.compute.admin.test_hosts_negative.HostsAdminNegativeTestJSON" name="test_show_host_detail_with_non_admin_user[id-19ebe09c-bfd4-4b7c-81a2-e2e0710f59cc,negative]" time="0.037"/>
<testcase classname="tempest.api.compute.admin.test_hosts_negative.HostsAdminNegativeTestJSON" name="test_show_host_detail_with_nonexistent_hostname[id-e75b0a1a-041f-47a1-8b4a-b72a6ff36d3f,negative]" time="0.046"/>
<testcase classname="tempest.api.compute.admin.test_hosts_negative.HostsAdminNegativeTestJSON" name="test_shutdown_host_with_non_admin_user[id-a803529c-7e3f-4d3c-a7d6-8e1c203d27f6,negative]" time="0.032"/>
<testcase classname="tempest.api.compute.admin.test_hosts_negative.HostsAdminNegativeTestJSON" name="test_shutdown_nonexistent_host[id-9e637444-29cf-4244-88c8-831ae82c31b6,negative]" time="0.047"/>
<testcase classname="tempest.api.compute.admin.test_hosts_negative.HostsAdminNegativeTestJSON" name="test_startup_host_with_non_admin_user[id-9f4ebb7e-b2ae-4e5b-a38f-0fd1bb0ddfca,negative]" time="0.044"/>
<testcase classname="tempest.api.compute.admin.test_hosts_negative.HostsAdminNegativeTestJSON" name="test_startup_nonexistent_host[id-0d981ac3-4320-4898-b674-82b61fbb60e4,negative]" time="0.072"/>
<testcase classname="tempest.api.compute.admin.test_hosts_negative.HostsAdminNegativeTestJSON" name="test_update_host_with_invalid_maintenance_mode[id-ab1e230e-5e22-41a9-8699-82b9947915d4,negative]" time="0.037"/>
<testcase classname="tempest.api.compute.admin.test_hosts_negative.HostsAdminNegativeTestJSON" name="test_update_host_with_invalid_status[id-fbe2bf3e-3246-4a95-a59f-94e4e298ec77,negative]" time="0.031"/>
<testcase classname="tempest.api.compute.admin.test_hosts_negative.HostsAdminNegativeTestJSON" name="test_update_host_with_non_admin_user[id-e40c72b1-0239-4ed6-ba21-81a184df1f7c,negative]" time="0.033"/>
<testcase classname="tempest.api.compute.admin.test_hosts_negative.HostsAdminNegativeTestJSON" name="test_update_host_without_param[id-0cd85f75-6992-4a4a-b1bd-d11e37fd0eee,negative]" time="0.032"/>
<testcase classname="tempest.api.compute.admin.test_hosts_negative.HostsAdminNegativeTestJSON" name="test_update_nonexistent_host[id-23c92146-2100-4d68-b2d6-c7ade970c9c1,negative]" time="0.051"/>
<testcase classname="tempest.api.compute.admin.test_server_diagnostics.ServerDiagnosticsTest" name="test_get_server_diagnostics[id-31ff3486-b8a0-4f56-a6c0-aab460531db3]" time="6.335"/>
<testcase classname="tempest.api.compute.admin.test_services_negative.ServicesAdminNegativeTestJSON" name="test_get_service_by_invalid_params[id-d0884a69-f693-4e79-a9af-232d15643bf7,negative]" time="0.286"/>
<testcase classname="tempest.api.compute.admin.test_services_negative.ServicesAdminNegativeTestJSON" name="test_get_service_by_invalid_service_and_valid_host[id-1e966d4a-226e-47c7-b601-0b18a27add54,negative]" time="0.119"/>
<testcase classname="tempest.api.compute.admin.test_services_negative.ServicesAdminNegativeTestJSON" name="test_get_service_with_valid_service_and_invalid_host[id-64e7e7fb-69e8-4cb6-a71d-8d5eb0c98655,negative]" time="0.136"/>
<testcase classname="tempest.api.compute.admin.test_instance_usage_audit_log.InstanceUsageAuditLogTestJSON" name="test_get_instance_usage_audit_log[id-6e40459d-7c5f-400b-9e83-449fbc8e7feb]" time="0.160"/>
<testcase classname="tempest.api.compute.admin.test_services_negative.ServicesAdminNegativeTestJSON" name="test_list_services_with_non_admin_user[id-1126d1f8-266e-485f-a687-adc547492646,negative]" time="0.581"/>
<testcase classname="tempest.api.compute.admin.test_instance_usage_audit_log.InstanceUsageAuditLogTestJSON" name="test_list_instance_usage_audit_logs[id-25319919-33d9-424f-9f99-2c203ee48b9d]" time="0.084"/>
<testcase classname="tempest.api.compute.admin.test_migrations.MigrationsAdminTest" name="test_cold_migration[id-4bf0be52-3b6f-4746-9a27-3143636fe30d]" time="0.003">
<skipped>Less than 2 compute nodes, skipping multinode tests.</skipped>
</testcase>
<testcase classname="tempest.api.compute.admin.test_services_negative.ServicesAdminNegativeV253TestJSON" name="test_disable_log_reason_with_invalid_service_id[id-f46a9d91-1e85-4b96-8e7a-db7706fa2e9a,negative]" time="0.253"/>
<testcase classname="tempest.api.compute.admin.test_migrations.MigrationsAdminTest" name="test_list_migrations[id-75c0b83d-72a0-4cf8-a153-631e83e7d53f]" time="0.145"/>
<testcase classname="tempest.api.compute.admin.test_migrations.MigrationsAdminTest" name="test_list_migrations_in_flavor_resize_situation[id-1b512062-8093-438e-b47a-37d2f597cd64]" time="0.000">
<skipped>Resize not available.</skipped>
</testcase>
<testcase classname="tempest.api.compute.admin.test_migrations.MigrationsAdminTest" name="test_resize_server_revert_deleted_flavor[id-33f1fec3-ba18-4470-8e4e-1d888e7c3593]" time="0.000">
<skipped>Resize not available.</skipped>
</testcase>
<testcase classname="tempest.api.compute.admin.test_services_negative.ServicesAdminNegativeV253TestJSON" name="test_disable_service_with_invalid_service_id[id-a9eeeade-42b3-419f-87aa-c9342aa068cf,negative]" time="0.087"/>
<testcase classname="tempest.api.compute.admin.test_migrations.MigrationsAdminTest" name="test_revert_cold_migration[id-caa1aa8b-f4ef-4374-be0d-95f001c2ac2d]" time="0.001">
<skipped>Less than 2 compute nodes, skipping multinode tests.</skipped>
</testcase>
<testcase classname="tempest.api.compute.admin.test_services_negative.ServicesAdminNegativeV253TestJSON" name="test_enable_service_with_invalid_service_id[id-508671aa-c929-4479-bd10-8680d40dd0a6,negative]" time="0.046"/>
<testcase classname="tempest.api.compute.admin.test_services_negative.ServicesAdminNegativeV253TestJSON" name="test_get_service_by_invalid_params[id-d0884a69-f693-4e79-a9af-232d15643bf7,negative]" time="0.133"/>
<testcase classname="tempest.api.compute.admin.test_services_negative.ServicesAdminNegativeV253TestJSON" name="test_get_service_by_invalid_service_and_valid_host[id-1e966d4a-226e-47c7-b601-0b18a27add54,negative]" time="0.119"/>
<testcase classname="tempest.api.compute.admin.test_services_negative.ServicesAdminNegativeV253TestJSON" name="test_get_service_with_valid_service_and_invalid_host[id-64e7e7fb-69e8-4cb6-a71d-8d5eb0c98655,negative]" time="0.184"/>
<testcase classname="tempest.api.compute.admin.test_services_negative.ServicesAdminNegativeV253TestJSON" name="test_list_services_with_non_admin_user[id-1126d1f8-266e-485f-a687-adc547492646,negative]" time="0.213"/>
<testcase classname="" name="setUpClass (tempest.api.compute.certificates.test_certificates.CertificatesV2TestJSON)" time="0.000">
<skipped>Nova cert is not available</skipped>
</testcase>
<testcase classname="tempest.api.compute.admin.test_networks.NetworksTest" name="test_get_network[id-d206d211-8912-486f-86e2-a9d090d1f416]" time="0.713"/>
<testcase classname="tempest.api.compute.admin.test_networks.NetworksTest" name="test_list_all_networks[id-df3d1046-6fa5-4b2c-ad0c-cfa46a351cb9]" time="0.331"/>
<testcase classname="tempest.api.compute.flavors.test_flavors_negative.FlavorsV2NegativeTest" name="test_boot_with_low_ram[id-90f0d93a-91c1-450c-91e6-07d18172cefe,image,negative]" time="3.957"/>
<testcase classname="tempest.api.compute.admin.test_server_diagnostics.ServerDiagnosticsV248Test" name="test_get_server_diagnostics[id-64d0d48c-dff1-11e6-bf01-fe55135034f3]" time="15.166"/>
<testcase classname="" name="setUpClass (tempest.api.compute.admin.test_servers_on_multinodes.ServersOnMultiNodesTest)" time="0.000">
<skipped>Less than 2 compute nodes, skipping multi-nodes test.</skipped>
</testcase>
<testcase classname="tempest.api.compute.admin.test_quotas.QuotasAdminTestV257" name="test_get_updated_quotas[id-e641e6c6-e86c-41a4-9e5c-9493c0ae47ad]" time="2.420"/>
<testcase classname="tempest.api.compute.admin.test_services.ServicesAdminTestJSON" name="test_get_service_by_host_name[id-affb42d5-5b4b-43c8-8b0b-6dca054abcca]" time="0.249"/>
<testcase classname="tempest.api.compute.admin.test_services.ServicesAdminTestJSON" name="test_get_service_by_service_binary_name[id-f345b1ec-bc6e-4c38-a527-3ca2bc00bef5]" time="0.076"/>
<testcase classname="tempest.api.compute.admin.test_services.ServicesAdminTestJSON" name="test_list_services[id-5be41ef4-53d1-41cc-8839-5c2a48a1b283]" time="0.084"/>
<testcase classname="" name="setUpClass (tempest.api.compute.admin.test_volume_swap.TestMultiAttachVolumeSwap)" time="0.000">
<skipped>Swapping volumes is not supported.</skipped>
</testcase>
<testcase classname="tempest.api.compute.flavors.test_flavors.FlavorsV2TestJSON" name="test_get_flavor[id-1f12046b-753d-40d2-abb6-d8eb8b30cb2f,smoke]" time="0.122"/>
<testcase classname="tempest.api.compute.flavors.test_flavors.FlavorsV2TestJSON" name="test_list_flavors[id-e36c0eaa-dff5-4082-ad1f-3f9a80aa3f59,smoke]" time="0.112"/>
<testcase classname="tempest.api.compute.flavors.test_flavors.FlavorsV2TestJSON" name="test_list_flavors_detailed_filter_by_min_disk[id-3df2743e-3034-4e57-a4cb-b6527f6eac79]" time="0.101"/>
<testcase classname="tempest.api.compute.flavors.test_flavors.FlavorsV2TestJSON" name="test_list_flavors_detailed_filter_by_min_ram[id-09fe7509-b4ee-4b34-bf8b-39532dc47292]" time="0.132"/>
<testcase classname="tempest.api.compute.flavors.test_flavors.FlavorsV2TestJSON" name="test_list_flavors_detailed_limit_results[id-b26f6327-2886-467a-82be-cef7a27709cb]" time="0.055"/>
<testcase classname="tempest.api.compute.flavors.test_flavors.FlavorsV2TestJSON" name="test_list_flavors_detailed_using_marker[id-6db2f0c0-ddee-4162-9c84-0703d3dd1107]" time="0.149"/>
<testcase classname="tempest.api.compute.flavors.test_flavors.FlavorsV2TestJSON" name="test_list_flavors_filter_by_min_disk[id-10645a4d-96f5-443f-831b-730711e11dd4]" time="0.170"/>
<testcase classname="tempest.api.compute.flavors.test_flavors.FlavorsV2TestJSON" name="test_list_flavors_filter_by_min_ram[id-935cf550-e7c8-4da6-8002-00f92d5edfaa]" time="0.113"/>
<testcase classname="tempest.api.compute.flavors.test_flavors.FlavorsV2TestJSON" name="test_list_flavors_limit_results[id-8d7691b3-6ed4-411a-abc9-2839a765adab]" time="0.050"/>
<testcase classname="tempest.api.compute.flavors.test_flavors.FlavorsV2TestJSON" name="test_list_flavors_using_marker[id-e800f879-9828-4bd0-8eae-4f17189951fb]" time="0.306"/>
<testcase classname="tempest.api.compute.flavors.test_flavors.FlavorsV2TestJSON" name="test_list_flavors_with_detail[id-6e85fde4-b3cd-4137-ab72-ed5f418e8c24]" time="0.121"/>
<testcase classname="tempest.api.compute.admin.test_server_diagnostics_negative.ServerDiagnosticsNegativeTest" name="test_get_server_diagnostics_by_non_admin[id-e84e2234-60d2-42fa-8b30-e2d3049724ac,negative]" time="4.504"/>
<testcase classname="tempest.api.compute.admin.test_servers.ServersAdminTestJSON" name="test_create_server_with_scheduling_hint[id-fdcd9b33-0903-4e00-a1f7-b5f6543068d6]" time="5.127"/>
<testcase classname="tempest.api.compute.admin.test_servers.ServersAdminTestJSON" name="test_list_servers_by_admin[id-51717b38-bdc1-458b-b636-1cf82d99f62f]" time="0.294"/>
<testcase classname="tempest.api.compute.admin.test_servers.ServersAdminTestJSON" name="test_list_servers_by_admin_with_all_tenants[id-9f5579ae-19b4-4985-a091-2a5d56106580]" time="0.679"/>
<testcase classname="tempest.api.compute.admin.test_servers.ServersAdminTestJSON" name="test_list_servers_by_admin_with_specified_tenant[id-7e5d6b8f-454a-4ba1-8ae2-da857af8338b]" time="0.677"/>
<testcase classname="tempest.api.compute.admin.test_servers.ServersAdminTestJSON" name="test_list_servers_detailed_filter_by_invalid_status[id-d56e9540-73ed-45e0-9b88-98fc419087eb]" time="0.111"/>
<testcase classname="tempest.api.compute.admin.test_servers.ServersAdminTestJSON" name="test_list_servers_filter_by_error_status[id-06f960bb-15bb-48dc-873d-f96e89be7870]" time="1.046"/>
<testcase classname="tempest.api.compute.admin.test_servers.ServersAdminTestJSON" name="test_list_servers_filter_by_exist_host[id-86c7a8f7-50cf-43a9-9bac-5b985317134f]" time="0.708"/>
<testcase classname="tempest.api.compute.floating_ips.test_floating_ips_actions_negative.FloatingIPsAssociationNegativeTestJSON" name="test_associate_ip_to_server_with_floating_ip[id-58a80596-ffb2-11e6-9393-fa163e4fa634,negative]" time="17.323"/>
<testcase classname="tempest.api.compute.floating_ips.test_floating_ips_actions_negative.FloatingIPsAssociationNegativeTestJSON" name="test_associate_ip_to_server_without_passing_floating_ip[id-804b4fcb-bbf5-412f-925d-896672b61eb3,negative]" time="0.052"/>
<testcase classname="tempest.api.compute.floating_ips.test_floating_ips_actions_negative.FloatingIPsAssociationNegativeTestJSON" name="test_associate_nonexistent_floating_ip[id-595fa616-1a71-4670-9614-46564ac49a4c,negative]" time="0.355"/>
<testcase classname="tempest.api.compute.floating_ips.test_floating_ips_actions_negative.FloatingIPsAssociationNegativeTestJSON" name="test_dissociate_nonexistent_floating_ip[id-0a081a66-e568-4e6b-aa62-9587a876dca8,negative]" time="0.183"/>
<testcase classname="tempest.api.compute.images.test_images.ImagesTestJSON" name="test_create_image_from_stopped_server[id-aaacd1d0-55a2-4ce8-818a-b5439df8adc9]" time="76.827"/>
<testcase classname="tempest.api.compute.images.test_images.ImagesTestJSON" name="test_create_image_from_suspended_server[id-8ca07fec-0262-11e7-907e-fa163e4fa634]" time="12.423"/>
<testcase classname="tempest.api.compute.images.test_images_negative.ImagesDeleteNegativeTestJSON" name="test_delete_image_blank_id[id-e6e41425-af5c-4fe6-a4b5-7b7b963ffda5,negative]" time="0.175"/>
<testcase classname="tempest.api.compute.images.test_images_negative.ImagesDeleteNegativeTestJSON" name="test_delete_image_negative_image_id[id-68e2c175-bd26-4407-ac0f-4ea9ce2139ea,negative]" time="0.324"/>
<testcase classname="tempest.api.compute.images.test_images_negative.ImagesDeleteNegativeTestJSON" name="test_delete_image_non_hex_string_id[id-924540c3-f1f1-444c-8f58-718958b6724e,negative]" time="0.121"/>
<testcase classname="tempest.api.compute.images.test_images_negative.ImagesDeleteNegativeTestJSON" name="test_delete_image_with_id_over_character_limit[id-b340030d-82cd-4066-a314-c72fb7c59277,negative]" time="0.078"/>
<testcase classname="tempest.api.compute.images.test_images_negative.ImagesDeleteNegativeTestJSON" name="test_delete_image_with_invalid_image_id[id-381acb65-785a-4942-94ce-d8f8c84f1f0f,negative]" time="0.114"/>
<testcase classname="tempest.api.compute.images.test_images_negative.ImagesDeleteNegativeTestJSON" name="test_delete_non_existent_image[id-137aef61-39f7-44a1-8ddf-0adf82511701,negative]" time="0.091"/>
<testcase classname="tempest.api.compute.images.test_images.ImagesTestJSON" name="test_delete_saving_image[id-aa06b52b-2db5-4807-b218-9441f75d74e3]" time="6.464"/>
<testcase classname="tempest.api.compute.floating_ips.test_floating_ips_actions.FloatingIPsAssociationTestJSON" name="test_associate_already_associated_floating_ip[id-6edef4b2-aaf1-4abc-bbe3-993e2561e0fe]" time="31.153"/>
<testcase classname="tempest.api.compute.images.test_images_oneserver.ImagesOneServerTestJSON" name="test_create_delete_image[id-3731d080-d4c5-4872-b41a-64d0d0021314]" time="5.702"/>
<testcase classname="tempest.api.compute.images.test_images_oneserver.ImagesOneServerTestJSON" name="test_create_image_specify_multibyte_character_image_name[id-3b7c6fe4-dfe7-477c-9243-b06359db51e6]" time="0.498"/>
<testcase classname="tempest.api.compute.images.test_images_negative.ImagesNegativeTestJSON" name="test_create_image_from_deleted_server[id-6cd5a89d-5b47-46a7-93bc-3916f0d84973,negative]" time="6.848"/>
<testcase classname="tempest.api.compute.images.test_images_negative.ImagesNegativeTestJSON" name="test_create_image_from_invalid_server[id-82c5b0c4-9dbd-463c-872b-20c4755aae7f,negative]" time="0.065"/>
<testcase classname="tempest.api.compute.images.test_images_negative.ImagesNegativeTestJSON" name="test_create_image_specify_uuid_35_characters_or_less[id-ec176029-73dc-4037-8d72-2e4ff60cf538,negative]" time="0.033"/>
<testcase classname="tempest.api.compute.images.test_images_negative.ImagesNegativeTestJSON" name="test_create_image_specify_uuid_37_characters_or_more[id-36741560-510e-4cc2-8641-55fe4dfb2437,negative]" time="0.033"/>
<testcase classname="tempest.api.compute.floating_ips.test_floating_ips_actions.FloatingIPsAssociationTestJSON" name="test_associate_disassociate_floating_ip[id-307efa27-dc6f-48a0-8cd2-162ce3ef0b52]" time="5.934"/>
<testcase classname="tempest.api.compute.limits.test_absolute_limits_negative.AbsoluteLimitsNegativeTestJSON" name="test_max_metadata_exceed_limit[id-215cd465-d8ae-49c9-bf33-9c911913a5c8,negative]" time="1.291"/>
<testcase classname="tempest.api.compute.security_groups.test_security_groups.SecurityGroupsTestJSON" name="test_list_security_groups_by_server[id-79517d60-535a-438f-af3d-e6feab1cbea7]" time="20.038"/>
<testcase classname="tempest.api.compute.security_groups.test_security_groups.SecurityGroupsTestJSON" name="test_security_group_create_get_delete[id-ecc0da4a-2117-48af-91af-993cca39a615]" time="0.950"/>
<testcase classname="tempest.api.compute.images.test_list_image_filters.ListImageFiltersTestJSON" name="test_list_images_filter_by_changes_since[id-18bac3ae-da27-436c-92a9-b22474d13aab]" time="0.157"/>
<testcase classname="tempest.api.compute.images.test_list_image_filters.ListImageFiltersTestJSON" name="test_list_images_filter_by_name[id-33163b73-79f5-4d07-a7ea-9213bcc468ff]" time="0.153"/>
<testcase classname="tempest.api.compute.images.test_list_image_filters.ListImageFiltersTestJSON" name="test_list_images_filter_by_server_id[id-9f238683-c763-45aa-b848-232ec3ce3105]" time="0.173"/>
<testcase classname="tempest.api.compute.floating_ips.test_floating_ips_actions.FloatingIPsTestJSON" name="test_allocate_floating_ip[id-f7bfb946-297e-41b8-9e8c-aba8e9bb5194]" time="4.485"/>
<testcase classname="tempest.api.compute.images.test_list_image_filters.ListImageFiltersTestJSON" name="test_list_images_filter_by_server_ref[id-05a377b8-28cf-4734-a1e6-2ab5c38bf606]" time="0.357"/>
<testcase classname="tempest.api.compute.images.test_list_image_filters.ListImageFiltersTestJSON" name="test_list_images_filter_by_status[id-a3f5b513-aeb3-42a9-b18e-f091ef73254d]" time="0.204"/>
<testcase classname="tempest.api.compute.images.test_list_image_filters.ListImageFiltersTestJSON" name="test_list_images_filter_by_type[id-e3356918-4d3e-4756-81d5-abc4524ba29f]" time="0.216"/>
<testcase classname="tempest.api.compute.images.test_list_image_filters.ListImageFiltersTestJSON" name="test_list_images_limit_results[id-3a484ca9-67ba-451e-b494-7fcf28d32d62]" time="0.147"/>
<testcase classname="tempest.api.compute.images.test_list_image_filters.ListImageFiltersTestJSON" name="test_list_images_with_detail_filter_by_changes_since[id-7d439e18-ac2e-4827-b049-7e18004712c4]" time="0.129"/>
<testcase classname="tempest.api.compute.images.test_list_image_filters.ListImageFiltersTestJSON" name="test_list_images_with_detail_filter_by_name[id-644ea267-9bd9-4f3b-af9f-dffa02396a17]" time="0.173"/>
<testcase classname="tempest.api.compute.images.test_list_image_filters.ListImageFiltersTestJSON" name="test_list_images_with_detail_filter_by_server_ref[id-8c78f822-203b-4bf6-8bba-56ebd551cf84]" time="0.363"/>
<testcase classname="tempest.api.compute.images.test_list_image_filters.ListImageFiltersTestJSON" name="test_list_images_with_detail_filter_by_status[id-9b0ea018-6185-4f71-948a-a123a107988e]" time="0.243"/>
<testcase classname="tempest.api.compute.images.test_list_image_filters.ListImageFiltersTestJSON" name="test_list_images_with_detail_filter_by_type[id-888c0cc0-7223-43c5-9db0-b125fd0a393b]" time="0.311"/>
<testcase classname="tempest.api.compute.images.test_list_image_filters.ListImageFiltersTestJSON" name="test_list_images_with_detail_limit_results[id-ba2fa9a9-b672-47cc-b354-3b4c0600e2cb]" time="0.150"/>
<testcase classname="tempest.api.compute.security_groups.test_security_groups.SecurityGroupsTestJSON" name="test_security_groups_create_list_delete[id-eb2b087d-633d-4d0d-a7bd-9e6ba35b32de,smoke]" time="3.753"/>
<testcase classname="tempest.api.compute.floating_ips.test_floating_ips_actions.FloatingIPsTestJSON" name="test_delete_floating_ip[id-de45e989-b5ca-4a9b-916b-04a52e7bbb8b]" time="4.308"/>
<testcase classname="tempest.api.compute.images.test_list_images.ListImagesTestJSON" name="test_get_image[id-490d0898-e12a-463f-aef0-c50156b9f789]" time="0.834"/>
<testcase classname="tempest.api.compute.images.test_list_images.ListImagesTestJSON" name="test_list_images[id-fd51b7f4-d4a3-4331-9885-866658112a6f]" time="0.122"/>
<testcase classname="tempest.api.compute.images.test_list_images.ListImagesTestJSON" name="test_list_images_with_detail[id-9f94cb6b-7f10-48c5-b911-a0b84d7d4cd6]" time="0.160"/>
<testcase classname="tempest.api.compute.keypairs.test_keypairs_negative.KeyPairsNegativeTestJSON" name="test_create_keypair_invalid_name[id-45fbe5e0-acb5-49aa-837a-ff8d0719db91,negative]" time="0.212"/>
<testcase classname="tempest.api.compute.keypairs.test_keypairs_negative.KeyPairsNegativeTestJSON" name="test_create_keypair_when_public_key_bits_exceeds_maximum[id-fc100c19-2926-4b9c-8fdc-d0589ee2f9ff,negative]" time="0.186"/>
<testcase classname="tempest.api.compute.keypairs.test_keypairs_negative.KeyPairsNegativeTestJSON" name="test_create_keypair_with_duplicate_name[id-0359a7f1-f002-4682-8073-0c91e4011b7c,negative]" time="0.520"/>
<testcase classname="tempest.api.compute.keypairs.test_keypairs_negative.KeyPairsNegativeTestJSON" name="test_create_keypair_with_empty_name_string[id-1398abe1-4a84-45fb-9294-89f514daff00,negative]" time="0.035"/>
<testcase classname="tempest.api.compute.keypairs.test_keypairs_negative.KeyPairsNegativeTestJSON" name="test_create_keypair_with_empty_public_key[id-dade320e-69ca-42a9-ba4a-345300f127e0,negative]" time="0.094"/>
<testcase classname="tempest.api.compute.keypairs.test_keypairs_negative.KeyPairsNegativeTestJSON" name="test_create_keypair_with_long_keynames[id-3faa916f-779f-4103-aca7-dc3538eee1b7,negative]" time="0.037"/>
<testcase classname="tempest.api.compute.keypairs.test_keypairs_negative.KeyPairsNegativeTestJSON" name="test_keypair_create_with_invalid_pub_key[id-29cca892-46ae-4d48-bc32-8fe7e731eb81,negative]" time="0.101"/>
<testcase classname="tempest.api.compute.keypairs.test_keypairs_negative.KeyPairsNegativeTestJSON" name="test_keypair_delete_nonexistent_key[id-7cc32e47-4c42-489d-9623-c5e2cb5a2fa5,negative]" time="0.064"/>
<testcase classname="tempest.api.compute.floating_ips.test_floating_ips_actions_negative.FloatingIPsNegativeTestJSON" name="test_allocate_floating_ip_from_nonexistent_pool[id-6e0f059b-e4dd-48fb-8207-06e3bba5b074,negative]" time="0.086"/>
<testcase classname="tempest.api.compute.floating_ips.test_floating_ips_actions_negative.FloatingIPsNegativeTestJSON" name="test_delete_nonexistent_floating_ip[id-ae1c55a8-552b-44d4-bfb6-2a115a15d0ba,negative]" time="0.143"/>
<testcase classname="tempest.api.compute.security_groups.test_security_groups.SecurityGroupsTestJSON" name="test_server_security_groups[id-fe4abc0d-83f5-4c50-ad11-57a1127297a2]" time="26.611"/>
<testcase classname="tempest.api.compute.security_groups.test_security_groups.SecurityGroupsTestJSON" name="test_update_security_groups[id-7d4e1d3c-3209-4d6d-b020-986304ebad1f]" time="0.594"/>
<testcase classname="tempest.api.compute.admin.test_servers.ServersAdminTestJSON" name="test_rebuild_server_in_error_state[id-682cb127-e5bb-4f53-87ce-cb9003604442]" time="109.376"/>
<testcase classname="tempest.api.compute.admin.test_servers.ServersAdminTestJSON" name="test_reset_network_inject_network_info[id-7a1323b4-a6a2-497a-96cb-76c07b945c71]" time="5.752"/>
<testcase classname="tempest.api.compute.admin.test_servers.ServersAdminTestJSON" name="test_reset_state_server[id-ee8ae470-db70-474d-b752-690b7892cab1]" time="0.878"/>
<testcase classname="tempest.api.compute.security_groups.test_security_groups_negative.SecurityGroupsNegativeTestJSON" name="test_delete_nonexistent_security_group[id-6727c00b-214c-4f9e-9a52-017ac3e98411,negative]" time="0.699"/>
<testcase classname="tempest.api.compute.security_groups.test_security_groups_negative.SecurityGroupsNegativeTestJSON" name="test_delete_security_group_without_passing_id[id-1438f330-8fa4-4aeb-8a94-37c250106d7f,negative]" time="0.031"/>
<testcase classname="tempest.api.compute.security_groups.test_security_groups_negative.SecurityGroupsNegativeTestJSON" name="test_delete_the_default_security_group[id-36a1629f-c6da-4a26-b8b8-55e7e5d5cd58,negative]" time="0.699"/>
<testcase classname="tempest.api.compute.security_groups.test_security_groups_negative.SecurityGroupsNegativeTestJSON" name="test_security_group_create_with_duplicate_name[id-9fdb4abc-6b66-4b27-b89c-eb215a956168,negative]" time="0.000">
<skipped>Neutron allows duplicate names for security groups</skipped>
</testcase>
<testcase classname="tempest.api.compute.security_groups.test_security_groups_negative.SecurityGroupsNegativeTestJSON" name="test_security_group_create_with_invalid_group_description[id-777b6f14-aca9-4758-9e84-38783cfa58bc,negative]" time="0.001">
<skipped>Skipped until bug: https://launchpad.net/bugs/1161411 is resolved.</skipped>
</testcase>
<testcase classname="tempest.api.compute.security_groups.test_security_groups_negative.SecurityGroupsNegativeTestJSON" name="test_security_group_create_with_invalid_group_name[id-1759c3cb-b0fc-44b7-86ce-c99236be911d,negative]" time="0.000">
<skipped>Skipped until bug: https://launchpad.net/bugs/1161411 is resolved.</skipped>
</testcase>
<testcase classname="tempest.api.compute.security_groups.test_security_groups_negative.SecurityGroupsNegativeTestJSON" name="test_security_group_get_nonexistent_group[id-673eaec1-9b3e-48ed-bdf1-2786c1b9661c,negative]" time="0.099"/>
<testcase classname="tempest.api.compute.security_groups.test_security_groups_negative.SecurityGroupsNegativeTestJSON" name="test_update_non_existent_security_group[id-27edee9c-873d-4da6-a68a-3c256efebe8f,negative]" time="0.069"/>
<testcase classname="tempest.api.compute.security_groups.test_security_groups_negative.SecurityGroupsNegativeTestJSON" name="test_update_security_group_with_invalid_sg_des[id-97d12b1c-a610-4194-93f1-ba859e718b45,negative]" time="0.000">
<skipped>Neutron does not check the security group description</skipped>
</testcase>
<testcase classname="tempest.api.compute.security_groups.test_security_groups_negative.SecurityGroupsNegativeTestJSON" name="test_update_security_group_with_invalid_sg_id[id-00579617-fe04-4e1c-9d08-ca7467d2e34b,negative]" time="0.000">
<skipped>Neutron does not check the security group ID</skipped>
</testcase>
<testcase classname="tempest.api.compute.security_groups.test_security_groups_negative.SecurityGroupsNegativeTestJSON" name="test_update_security_group_with_invalid_sg_name[id-cda8d8b4-59f8-4087-821d-20cf5a03b3b1,negative]" time="0.000">
<skipped>Neutron does not check the security group name</skipped>
</testcase>
<testcase classname="" name="setUpClass (tempest.api.compute.admin.test_volume_swap.TestVolumeSwap)" time="0.000">
<skipped>Swapping volumes is not supported.</skipped>
</testcase>
<testcase classname="tempest.api.compute.floating_ips.test_list_floating_ips.FloatingIPDetailsTestJSON" name="test_get_floating_ip_details[id-eef497e0-8ff7-43c8-85ef-558440574f84]" time="5.753"/>
<testcase classname="tempest.api.compute.floating_ips.test_list_floating_ips.FloatingIPDetailsTestJSON" name="test_list_floating_ip_pools[id-df389fc8-56f5-43cc-b290-20eda39854d3]" time="0.280"/>
<testcase classname="tempest.api.compute.floating_ips.test_list_floating_ips.FloatingIPDetailsTestJSON" name="test_list_floating_ips[id-16db31c3-fb85-40c9-bbe2-8cf7b67ff99f]" time="0.926"/>
<testcase classname="tempest.api.compute.admin.test_volumes_negative.VolumesAdminNegativeTest" name="test_update_attached_volume_with_nonexistent_volume_in_body[id-7dcac15a-b107-46d3-a5f6-cb863f4e454a,negative]" time="9.319"/>
<testcase classname="tempest.api.compute.admin.test_volumes_negative.VolumesAdminNegativeTest" name="test_update_attached_volume_with_nonexistent_volume_in_uri[id-309b5ecd-0585-4a7e-a36f-d2b2bf55259d,negative]" time="2.222"/>
<testcase classname="tempest.api.compute.servers.test_attach_interfaces.AttachInterfacesUnderV243Test" name="test_add_remove_fixed_ip[id-c7e0e60b-ee45-43d0-abeb-8596fd42a2f9,network,smoke]" time="54.606"/>
<testcase classname="tempest.api.compute.keypairs.test_keypairs.KeyPairsV2TestJSON" name="test_get_keypair_detail[id-a4233d5d-52d8-47cc-9a25-e1864527e3df]" time="0.516"/>
<testcase classname="tempest.api.compute.keypairs.test_keypairs.KeyPairsV2TestJSON" name="test_keypair_create_delete[id-6c1d3123-4519-4742-9194-622cb1714b7d]" time="0.414"/>
<testcase classname="tempest.api.compute.keypairs.test_keypairs.KeyPairsV2TestJSON" name="test_keypair_create_with_pub_key[id-39c90c6a-304a-49dd-95ec-2366129def05]" time="0.190"/>
<testcase classname="tempest.api.compute.floating_ips.test_list_floating_ips_negative.FloatingIPDetailsNegativeTestJSON" name="test_get_nonexistent_floating_ip_details[id-7ab18834-4a4b-4f28-a2c5-440579866695,negative]" time="0.528"/>
<testcase classname="tempest.api.compute.keypairs.test_keypairs.KeyPairsV2TestJSON" name="test_keypairs_create_list_delete[id-1d1dbedb-d7a0-432a-9d09-83f543c3c19b]" time="1.808"/>
<testcase classname="tempest.api.compute.keypairs.test_keypairs_v22.KeyPairsV22TestJSON" name="test_get_keypair_detail[id-a4233d5d-52d8-47cc-9a25-e1864527e3df]" time="0.667"/>
<testcase classname="tempest.api.compute.keypairs.test_keypairs_v22.KeyPairsV22TestJSON" name="test_keypair_create_delete[id-6c1d3123-4519-4742-9194-622cb1714b7d]" time="0.445"/>
<testcase classname="tempest.api.compute.keypairs.test_keypairs_v22.KeyPairsV22TestJSON" name="test_keypair_create_with_pub_key[id-39c90c6a-304a-49dd-95ec-2366129def05]" time="0.221"/>
<testcase classname="tempest.api.compute.keypairs.test_keypairs_v22.KeyPairsV22TestJSON" name="test_keypairs_create_list_delete[id-1d1dbedb-d7a0-432a-9d09-83f543c3c19b]" time="1.369"/>
<testcase classname="tempest.api.compute.keypairs.test_keypairs_v22.KeyPairsV22TestJSON" name="test_keypairsv22_create_list_show[id-8726fa85-7f98-4b20-af9e-f710a4f3391c]" time="0.392"/>
<testcase classname="tempest.api.compute.keypairs.test_keypairs_v22.KeyPairsV22TestJSON" name="test_keypairsv22_create_list_show_with_type[id-89d59d43-f735-441a-abcf-0601727f47b6]" time="0.692"/>
<testcase classname="tempest.api.compute.images.test_image_metadata_negative.ImagesMetadataNegativeTestJSON" name="test_delete_nonexistent_image_metadata_item[id-848e157f-6bcf-4b2e-a5dd-5124025a8518,negative]" time="0.476"/>
<testcase classname="tempest.api.compute.security_groups.test_security_group_rules_negative.SecurityGroupRulesNegativeTestJSON" name="test_create_security_group_rule_duplicate[id-8bd56d02-3ffa-4d67-9933-b6b9a01d6089,negative]" time="1.398"/>
<testcase classname="tempest.api.compute.images.test_image_metadata_negative.ImagesMetadataNegativeTestJSON" name="test_get_nonexistent_image_metadata_item[id-41ae052c-6ee6-405c-985e-5712393a620d,negative]" time="0.119"/>
<testcase classname="tempest.api.compute.images.test_image_metadata_negative.ImagesMetadataNegativeTestJSON" name="test_list_nonexistent_image_metadata[id-94069db2-792f-4fa8-8bd3-2271a6e0c095,negative]" time="0.133"/>
<testcase classname="tempest.api.compute.images.test_image_metadata_negative.ImagesMetadataNegativeTestJSON" name="test_set_nonexistent_image_metadata[id-dc64f2ce-77e8-45b0-88c8-e15041d08eaf,negative]" time="0.089"/>
<testcase classname="tempest.api.compute.security_groups.test_security_group_rules_negative.SecurityGroupRulesNegativeTestJSON" name="test_create_security_group_rule_with_invalid_from_port[id-12bbc875-1045-4f7a-be46-751277baedb9,negative]" time="0.351"/>
<testcase classname="tempest.api.compute.images.test_image_metadata_negative.ImagesMetadataNegativeTestJSON" name="test_set_nonexistent_image_metadata_item[id-2154fd03-ab54-457c-8874-e6e3eb56e9cf,negative]" time="0.103"/>
<testcase classname="tempest.api.compute.security_groups.test_security_group_rules_negative.SecurityGroupRulesNegativeTestJSON" name="test_create_security_group_rule_with_invalid_id[id-2244d7e4-adb7-4ecb-9930-2d77e123ce4f,negative]" time="0.053"/>
<testcase classname="tempest.api.compute.images.test_image_metadata_negative.ImagesMetadataNegativeTestJSON" name="test_update_nonexistent_image_metadata[id-a403ef9e-9f95-427c-b70a-3ce3388796f1,negative]" time="0.095"/>
<testcase classname="tempest.api.compute.security_groups.test_security_group_rules_negative.SecurityGroupRulesNegativeTestJSON" name="test_create_security_group_rule_with_invalid_ip_protocol[id-84c81249-9f6e-439c-9bbf-cbb0d2cddbdf,negative]" time="0.405"/>
<testcase classname="tempest.api.compute.security_groups.test_security_group_rules_negative.SecurityGroupRulesNegativeTestJSON" name="test_create_security_group_rule_with_invalid_port_range[id-00296fa9-0576-496a-ae15-fbab843189e0,negative]" time="0.341"/>
<testcase classname="tempest.api.compute.security_groups.test_security_group_rules_negative.SecurityGroupRulesNegativeTestJSON" name="test_create_security_group_rule_with_invalid_to_port[id-ff88804d-144f-45d1-bf59-dd155838a43a,negative]" time="0.357"/>
<testcase classname="tempest.api.compute.security_groups.test_security_group_rules_negative.SecurityGroupRulesNegativeTestJSON" name="test_create_security_group_rule_with_non_existent_id[id-1d507e98-7951-469b-82c3-23f1e6b8c254,negative]" time="0.088"/>
<testcase classname="tempest.api.compute.security_groups.test_security_group_rules_negative.SecurityGroupRulesNegativeTestJSON" name="test_delete_security_group_rule_with_non_existent_id[id-56fddcca-dbb8-4494-a0db-96e9f869527c,negative]" time="0.094"/>
<testcase classname="tempest.api.compute.images.test_images_oneserver_negative.ImagesOneServerNegativeTestJSON" name="test_create_image_specify_invalid_metadata[id-55d1d38c-dd66-4933-9c8e-7d92aeb60ddc,negative]" time="0.522"/>
<testcase classname="tempest.api.compute.images.test_images_oneserver_negative.ImagesOneServerNegativeTestJSON" name="test_create_image_specify_metadata_over_limits[id-3d24d11f-5366-4536-bd28-cff32b748eca,negative]" time="0.504"/>
<testcase classname="tempest.api.compute.images.test_images_oneserver_negative.ImagesOneServerNegativeTestJSON" name="test_create_image_specify_name_over_character_limit[id-084f0cbc-500a-4963-8a4e-312905862581,negative]" time="0.492"/>
<testcase classname="tempest.api.compute.servers.test_attach_interfaces.AttachInterfacesTestJSON" name="test_create_list_show_delete_interfaces_by_fixed_ip[id-d290c06c-f5b3-11e7-8ec8-002293781009,network]" time="68.418"/>
<testcase classname="tempest.api.compute.images.test_images_oneserver_negative.ImagesOneServerNegativeTestJSON" name="test_create_second_image_when_first_image_is_being_saved[id-0460efcf-ee88-4f94-acef-1bf658695456,negative]" time="11.528"/>
<testcase classname="tempest.api.compute.images.test_images_oneserver_negative.ImagesOneServerNegativeTestJSON" name="test_delete_image_that_is_not_yet_active[id-0894954d-2db2-4195-a45b-ffec0bc0187e,negative]" time="8.942"/>
<testcase classname="tempest.api.compute.images.test_list_image_filters_negative.ListImageFiltersNegativeTestJSON" name="test_get_nonexistent_image[id-391b0440-432c-4d4b-b5da-c5096aa247eb,negative]" time="0.412"/>
<testcase classname="tempest.api.compute.limits.test_absolute_limits.AbsoluteLimitsTestJSON" name="test_absLimits_get[id-b54c66af-6ab6-4cf0-a9e5-a0cb58d75e0b]" time="0.247"/>
<testcase classname="tempest.api.compute.security_groups.test_security_group_rules.SecurityGroupRulesTestJSON" name="test_security_group_rules_create[id-850795d7-d4d3-4e55-b527-a774c0123d3a,smoke]" time="0.734"/>
<testcase classname="tempest.api.compute.security_groups.test_security_group_rules.SecurityGroupRulesTestJSON" name="test_security_group_rules_create_with_optional_cidr[id-7a01873e-3c38-4f30-80be-31a043cfe2fd]" time="0.682"/>
<testcase classname="tempest.api.compute.security_groups.test_security_group_rules.SecurityGroupRulesTestJSON" name="test_security_group_rules_create_with_optional_group_id[id-7f5d2899-7705-4d4b-8458-4505188ffab6]" time="0.911"/>
<testcase classname="tempest.api.compute.security_groups.test_security_group_rules.SecurityGroupRulesTestJSON" name="test_security_group_rules_delete_when_peer_group_deleted[id-fc5c5acf-2091-43a6-a6ae-e42760e9ffaf]" time="1.492"/>
<testcase classname="tempest.api.compute.security_groups.test_security_group_rules.SecurityGroupRulesTestJSON" name="test_security_group_rules_list[id-a6154130-5a55-4850-8be4-5e9e796dbf17,smoke]" time="1.356"/>
<testcase classname="tempest.api.compute.servers.test_disk_config.ServerDiskConfigTestJSON" name="test_rebuild_server_with_auto_disk_config[id-9c9fae77-4feb-402f-8450-bf1c8b609713]" time="66.892"/>
<testcase classname="tempest.api.compute.servers.test_device_tagging.TaggedAttachmentsTest" name="test_tagged_attachment[id-3e41c782-2a89-4922-a9d2-9a188c4e7c7c,image,network,volume]" time="51.655"/>
<testcase classname="tempest.api.compute.servers.test_instance_actions.InstanceActionsTestJSON" name="test_get_instance_action[id-aacc71ca-1d70-4aa5-bbf6-0ff71470e43c]" time="0.087"/>
<testcase classname="tempest.api.compute.servers.test_instance_actions.InstanceActionsTestJSON" name="test_list_instance_actions[id-77ca5cc5-9990-45e0-ab98-1de8fead201a]" time="2.862"/>
<testcase classname="tempest.api.compute.servers.test_instance_actions.InstanceActionsV221TestJSON" name="test_get_list_deleted_instance_actions[id-0a0f85d4-10fa-41f6-bf80-a54fb4aa2ae1]" time="6.855"/>
<testcase classname="tempest.api.compute.servers.test_instance_actions_negative.InstanceActionsNegativeTestJSON" name="test_get_instance_action_invalid_request[id-0269f40a-6f18-456c-b336-c03623c897f1,negative]" time="0.086"/>
<testcase classname="tempest.api.compute.servers.test_instance_actions_negative.InstanceActionsNegativeTestJSON" name="test_list_instance_actions_non_existent_server[id-67e1fce6-7ec2-45c6-92d4-0a8f1a632910,negative]" time="0.037"/>
<testcase classname="tempest.api.compute.servers.test_create_server.ServersTestBootFromVolume" name="test_host_name_is_same_as_server_name[id-ac1ad47f-984b-4441-9274-c9079b7a0666]" time="28.364"/>
<testcase classname="tempest.api.compute.servers.test_create_server.ServersTestBootFromVolume" name="test_list_servers[id-9a438d88-10c6-4bcd-8b5b-5b6e25e1346f,smoke]" time="0.175"/>
<testcase classname="tempest.api.compute.servers.test_create_server.ServersTestBootFromVolume" name="test_list_servers_with_detail[id-585e934c-448e-43c4-acbf-d06a9b899997]" time="0.572"/>
<testcase classname="tempest.api.compute.servers.test_create_server.ServersTestBootFromVolume" name="test_verify_created_server_vcpus[id-cbc0f52f-05aa-492b-bdc1-84b575ca294b]" time="0.160"/>
<testcase classname="tempest.api.compute.servers.test_create_server.ServersTestBootFromVolume" name="test_verify_server_details[id-5de47127-9977-400a-936f-abcfbec1218f,smoke]" time="0.001"/>
<testcase classname="tempest.api.compute.servers.test_attach_interfaces.AttachInterfacesTestJSON" name="test_create_list_show_delete_interfaces_by_network_port[id-73fe8f02-590d-4bf1-b184-e9ca81065051,network]" time="109.361"/>
<testcase classname="tempest.api.compute.servers.test_disk_config.ServerDiskConfigTestJSON" name="test_rebuild_server_with_manual_disk_config[id-bef56b09-2e8c-4883-a370-4950812f430e]" time="66.511"/>
<testcase classname="tempest.api.compute.servers.test_disk_config.ServerDiskConfigTestJSON" name="test_resize_server_from_auto_to_manual[id-693d16f3-556c-489a-8bac-3d0ca2490bad]" time="0.000">
<skipped>Resize not available.</skipped>
</testcase>
<testcase classname="tempest.api.compute.servers.test_disk_config.ServerDiskConfigTestJSON" name="test_resize_server_from_manual_to_auto[id-414e7e93-45b5-44bc-8e03-55159c6bfc97]" time="0.000">
<skipped>Resize not available.</skipped>
</testcase>
<testcase classname="tempest.api.compute.servers.test_disk_config.ServerDiskConfigTestJSON" name="test_update_server_from_auto_to_manual[id-5ef18867-358d-4de9-b3c9-94d4ba35742f]" time="7.239"/>
<testcase classname="tempest.api.compute.servers.test_list_server_filters.ListServerFiltersTestJSON" name="test_list_servers_detailed_filter_by_flavor[id-80c574cc-0925-44ba-8602-299028357dd9]" time="0.462"/>
<testcase classname="tempest.api.compute.servers.test_list_server_filters.ListServerFiltersTestJSON" name="test_list_servers_detailed_filter_by_image[id-b3304c3b-97df-46d2-8cd3-e2b6659724e7]" time="0.000">
<skipped>Need distinct images to run this test</skipped>
</testcase>
<testcase classname="tempest.api.compute.servers.test_list_server_filters.ListServerFiltersTestJSON" name="test_list_servers_detailed_filter_by_server_name[id-f9eb2b70-735f-416c-b260-9914ac6181e4]" time="0.440"/>
<testcase classname="tempest.api.compute.servers.test_list_server_filters.ListServerFiltersTestJSON" name="test_list_servers_detailed_filter_by_server_status[id-de2612ab-b7dd-4044-b0b1-d2539601911f]" time="0.588"/>
<testcase classname="tempest.api.compute.servers.test_list_server_filters.ListServerFiltersTestJSON" name="test_list_servers_detailed_limit_results[id-67aec2d0-35fe-4503-9f92-f13272b867ed]" time="0.629"/>
<testcase classname="tempest.api.compute.servers.test_list_server_filters.ListServerFiltersTestJSON" name="test_list_servers_filter_by_active_status[id-ca78e20e-fddb-4ce6-b7f7-bcbf8605e66e]" time="0.215"/>
<testcase classname="tempest.api.compute.servers.test_list_server_filters.ListServerFiltersTestJSON" name="test_list_servers_filter_by_exceed_limit[id-37791bbd-90c0-4de0-831e-5f38cba9c6b3]" time="0.421"/>
<testcase classname="tempest.api.compute.servers.test_list_server_filters.ListServerFiltersTestJSON" name="test_list_servers_filter_by_flavor[id-573637f5-7325-47bb-9144-3476d0416908]" time="0.237"/>
<testcase classname="tempest.api.compute.servers.test_list_server_filters.ListServerFiltersTestJSON" name="test_list_servers_filter_by_image[id-05e8a8e7-9659-459a-989d-92c2f501f4ba]" time="0.001">
<skipped>Need distinct images to run this test</skipped>
</testcase>
<testcase classname="tempest.api.compute.servers.test_list_server_filters.ListServerFiltersTestJSON" name="test_list_servers_filter_by_limit[id-614cdfc1-d557-4bac-915b-3e67b48eee76]" time="0.116"/>
<testcase classname="tempest.api.compute.servers.test_list_server_filters.ListServerFiltersTestJSON" name="test_list_servers_filter_by_server_name[id-9b067a7b-7fee-4f6a-b29c-be43fe18fc5a]" time="0.199"/>
<testcase classname="tempest.api.compute.servers.test_multiple_create.MultipleCreateTestJSON" name="test_multiple_create[id-61e03386-89c3-449c-9bb1-a06f423fd9d1]" time="6.953"/>
<testcase classname="tempest.api.compute.servers.test_multiple_create.MultipleCreateTestJSON" name="test_multiple_create_with_reservation_return[id-864777fb-2f1e-44e3-b5b9-3eb6fa84f2f7]" time="5.480"/>
<testcase classname="tempest.api.compute.servers.test_delete_server.DeleteServersTestJSON" name="test_delete_active_server[id-925fdfb4-5b13-47ea-ac8a-c36ae6fddb05]" time="9.332"/>
<testcase classname="" name="setUpClass (tempest.api.compute.servers.test_novnc.NoVNCConsoleTestJSON)" time="0.000">
<skipped>VNC Console feature is disabled.</skipped>
</testcase>
<testcase classname="tempest.api.compute.servers.test_delete_server.DeleteServersTestJSON" name="test_delete_server_while_in_attached_volume[id-d0f3f0d6-d9b6-4a32-8da4-23015dcab23c,volume]" time="11.660"/>
<testcase classname="tempest.api.compute.servers.test_delete_server.DeleteServersTestJSON" name="test_delete_server_while_in_building_state[id-9e6e0c87-3352-42f7-9faf-5d6210dbd159]" time="1.340"/>
<testcase classname="tempest.api.compute.servers.test_server_addresses.ServerAddressesTestJSON" name="test_list_server_addresses[id-6eb718c0-02d9-4d5e-acd1-4e0c269cef39,network,smoke]" time="0.076"/>
<testcase classname="tempest.api.compute.servers.test_server_addresses.ServerAddressesTestJSON" name="test_list_server_addresses_by_network[id-87bbc374-5538-4f64-b673-2b0e4443cc30,network,smoke]" time="0.174"/>
<testcase classname="tempest.api.compute.servers.test_delete_server.DeleteServersTestJSON" name="test_delete_server_while_in_pause_state[id-943bd6e8-4d7a-4904-be83-7a6cc2d4213b]" time="7.175"/>
<testcase classname="tempest.api.compute.servers.test_server_metadata_negative.ServerMetadataNegativeTestJSON" name="test_create_server_metadata_blank_key[id-92431555-4d8b-467c-b95b-b17daa5e57ff,negative]" time="0.612"/>
<testcase classname="tempest.api.compute.servers.test_server_metadata_negative.ServerMetadataNegativeTestJSON" name="test_delete_metadata_non_existent_server[id-6bbd88e1-f8b3-424d-ba10-ae21c45ada8d,negative]" time="0.046"/>
<testcase classname="tempest.api.compute.servers.test_server_metadata_negative.ServerMetadataNegativeTestJSON" name="test_list_server_metadata_non_existent_server[id-f408e78e-3066-4097-9299-3b0182da812e,negative]" time="0.060"/>
<testcase classname="tempest.api.compute.servers.test_server_metadata_negative.ServerMetadataNegativeTestJSON" name="test_metadata_items_limit[id-d8c0a210-a5c3-4664-be04-69d96746b547,negative]" time="0.404"/>
<testcase classname="tempest.api.compute.servers.test_list_server_filters.ListServerFiltersTestJSON" name="test_list_servers_filter_by_shutoff_status[id-451dbbb2-f330-4a9f-b0e1-5f5d2cb0f34c]" time="41.762"/>
<testcase classname="tempest.api.compute.servers.test_list_server_filters.ListServerFiltersTestJSON" name="test_list_servers_filter_by_zero_limit[id-b1495414-2d93-414c-8019-849afe8d319e]" time="0.068"/>
<testcase classname="tempest.api.compute.servers.test_server_metadata_negative.ServerMetadataNegativeTestJSON" name="test_server_create_metadata_key_too_long[id-fe114a8f-3a57-4eff-9ee2-4e14628df049,negative]" time="1.891"/>
<testcase classname="tempest.api.compute.servers.test_server_metadata_negative.ServerMetadataNegativeTestJSON" name="test_server_metadata_non_existent_server[id-4d9cd7a3-2010-4b41-b8fe-3bbf0b169466,negative]" time="0.054"/>
<testcase classname="tempest.api.compute.servers.test_server_metadata_negative.ServerMetadataNegativeTestJSON" name="test_set_metadata_non_existent_server[id-0df38c2a-3d4e-4db5-98d8-d4d9fa843a12,negative]" time="0.057"/>
<testcase classname="tempest.api.compute.servers.test_server_metadata_negative.ServerMetadataNegativeTestJSON" name="test_set_server_metadata_blank_key[id-96100343-7fa9-40d8-80fa-d29ef588ce1c,negative]" time="0.041"/>
<testcase classname="tempest.api.compute.servers.test_server_metadata_negative.ServerMetadataNegativeTestJSON" name="test_set_server_metadata_missing_metadata[id-64a91aee-9723-4863-be44-4c9d9f1e7d0e,negative]" time="0.039"/>
<testcase classname="tempest.api.compute.servers.test_server_metadata_negative.ServerMetadataNegativeTestJSON" name="test_update_metadata_non_existent_server[id-904b13dc-0ef2-4e4c-91cd-3b4a0f2f49d8,negative]" time="0.045"/>
<testcase classname="tempest.api.compute.servers.test_server_metadata_negative.ServerMetadataNegativeTestJSON" name="test_update_metadata_with_blank_key[id-a452f38c-05c2-4b47-bd44-a4f0bf5a5e48,negative]" time="0.052"/>
<testcase classname="tempest.api.compute.servers.test_server_metadata_negative.ServerMetadataNegativeTestJSON" name="test_wrong_key_passed_in_body[id-0025fbd6-a4ba-4cde-b8c2-96805dcfdabc,negative]" time="0.060"/>
<testcase classname="tempest.api.compute.servers.test_list_server_filters.ListServerFiltersTestJSON" name="test_list_servers_filtered_by_ip[id-43a1242e-7b31-48d1-88f2-3f72aa9f2077]" time="1.820"/>
<testcase classname="tempest.api.compute.servers.test_list_server_filters.ListServerFiltersTestJSON" name="test_list_servers_filtered_by_ip_regex[id-a905e287-c35e-42f2-b132-d02b09f3654a]" time="0.001">
<skipped>Skipped until bug: https://launchpad.net/bugs/1540645 is resolved.</skipped>
</testcase>
<testcase classname="tempest.api.compute.servers.test_list_server_filters.ListServerFiltersTestJSON" name="test_list_servers_filtered_by_name_regex[id-24a89b0c-0d55-4a28-847f-45075f19b27b]" time="0.631"/>
<testcase classname="tempest.api.compute.servers.test_list_server_filters.ListServerFiltersTestJSON" name="test_list_servers_filtered_by_name_wildcard[id-e9f624ee-92af-4562-8bec-437945a18dcb]" time="0.375"/>
<testcase classname="tempest.api.compute.servers.test_multiple_create_negative.MultipleCreateNegativeTestJSON" name="test_max_count_less_than_min_count[id-476da616-f1ef-4271-a9b1-b9fc87727cdf,negative]" time="0.840"/>
<testcase classname="tempest.api.compute.servers.test_multiple_create_negative.MultipleCreateNegativeTestJSON" name="test_max_count_less_than_one[id-a6f9c2ab-e060-4b82-b23c-4532cb9390ff,negative]" time="0.462"/>
<testcase classname="tempest.api.compute.servers.test_multiple_create_negative.MultipleCreateNegativeTestJSON" name="test_max_count_non_integer[id-9c5698d1-d7af-4c80-b971-9d403135eea2,negative]" time="0.419"/>
<testcase classname="tempest.api.compute.servers.test_multiple_create_negative.MultipleCreateNegativeTestJSON" name="test_min_count_less_than_one[id-daf29d8d-e928-4a01-9a8c-b129603f3fc0,negative]" time="0.427"/>
<testcase classname="tempest.api.compute.servers.test_multiple_create_negative.MultipleCreateNegativeTestJSON" name="test_min_count_non_integer[id-999aa722-d624-4423-b813-0d1ac9884d7a,negative]" time="0.453"/>
<testcase classname="tempest.api.compute.servers.test_attach_interfaces.AttachInterfacesTestJSON" name="test_reassign_port_between_servers[id-2f3a0127-95c7-4977-92d2-bc5aec602fb4]" time="88.710"/>
<testcase classname="tempest.api.compute.servers.test_servers.ServerShowV247Test" name="test_show_server[id-88b0bdb2-494c-11e7-a919-92ebcb67fe33]" time="1.275"/>
<testcase classname="tempest.api.compute.servers.test_availability_zone.AZV2TestJSON" name="test_get_availability_zone_list_with_non_admin_user[id-a8333aa2-205c-449f-a828-d38c2489bf25]" time="0.312"/>
<testcase classname="tempest.api.compute.servers.test_delete_server.DeleteServersTestJSON" name="test_delete_server_while_in_shelved_state[id-bb0cb402-09dd-4947-b6e5-5e7e1cfa61ad]" time="74.127"/>
[...]
tempest.lib.exceptions.SSHTimeout: Connection to the 10.11.12.102 via SSH timed out.
User: cirros, Password: None

</failure>
</testcase>
<testcase classname="" name="setUpClass (octavia_tempest_plugin.tests.scenario.v2.test_ipv6_traffic_ops.IPv6TrafficOperationsScenarioTest)" time="0.000">
<failure type="testtools.testresult.real._StringException">Traceback (most recent call last):
testtools.testresult.real._StringException: Traceback (most recent call last):
  File "/var/lib/openstack/lib/python3.6/site-packages/tempest/lib/common/ssh.py", line 107, in _get_ssh_connection
    sock=proxy_chan)
  File "/var/lib/openstack/lib/python3.6/site-packages/paramiko/client.py", line 343, in connect
    retry_on_signal(lambda: sock.connect(addr))
  File "/var/lib/openstack/lib/python3.6/site-packages/paramiko/util.py", line 280, in retry_on_signal
    return function()
  File "/var/lib/openstack/lib/python3.6/site-packages/paramiko/client.py", line 343, in &lt;lambda>
    retry_on_signal(lambda: sock.connect(addr))
socket.timeout: timed out

During handling of the above exception, another exception occurred:

Traceback (most recent call last):
  File "/var/lib/openstack/lib/python3.6/site-packages/tempest/test.py", line 173, in setUpClass
    six.reraise(etype, value, trace)
  File "/var/lib/openstack/lib/python3.6/site-packages/six.py", line 693, in reraise
    raise value
  File "/var/lib/openstack/lib/python3.6/site-packages/tempest/test.py", line 166, in setUpClass
    cls.resource_setup()
  File "/var/lib/openstack/lib/python3.6/site-packages/octavia_tempest_plugin/tests/scenario/v2/test_ipv6_traffic_ops.py", line 49, in resource_setup
    super(IPv6TrafficOperationsScenarioTest, cls).resource_setup()
  File "/var/lib/openstack/lib/python3.6/site-packages/octavia_tempest_plugin/tests/test_base.py", line 600, in resource_setup
    cls.webserver1_ipv6, cls.lb_member_1_subnet_prefix)
  File "/var/lib/openstack/lib/python3.6/site-packages/octavia_tempest_plugin/tests/test_base.py", line 805, in _enable_ipv6_nic_webserver
    linux_client.validate_authentication()
  File "/var/lib/openstack/lib/python3.6/site-packages/tempest/lib/common/utils/linux/remote_client.py", line 60, in wrapper
    six.reraise(*original_exception)
  File "/var/lib/openstack/lib/python3.6/site-packages/six.py", line 693, in reraise
    raise value
  File "/var/lib/openstack/lib/python3.6/site-packages/tempest/lib/common/utils/linux/remote_client.py", line 33, in wrapper
    return function(self, *args, **kwargs)
  File "/var/lib/openstack/lib/python3.6/site-packages/tempest/lib/common/utils/linux/remote_client.py", line 116, in validate_authentication
    self.ssh_client.test_connection_auth()
  File "/var/lib/openstack/lib/python3.6/site-packages/tempest/lib/common/ssh.py", line 207, in test_connection_auth
    connection = self._get_ssh_connection()
  File "/var/lib/openstack/lib/python3.6/site-packages/tempest/lib/common/ssh.py", line 121, in _get_ssh_connection
    password=self.password)
tempest.lib.exceptions.SSHTimeout: Connection to the 10.11.12.107 via SSH timed out.
User: cirros, Password: None

</failure>
</testcase>
<testcase classname="octavia_tempest_plugin.tests.scenario.v2.test_load_balancer.LoadBalancerScenarioTest" name="test_load_balancer_ipv4_CRUD[id-a5e2e120-4f7e-4c8b-8aac-cf09cb56711c]" time="94.955"/>
<testcase classname="octavia_tempest_plugin.tests.scenario.v2.test_load_balancer.LoadBalancerScenarioTest" name="test_load_balancer_ipv6_CRUD[id-86ffecc4-dce8-46f9-936e-8a4c6bcf3959]" time="113.548"/>
<testcase classname="octavia_tempest_plugin.tests.scenario.v2.test_member.MemberScenarioTest" name="test_member_CRUD[id-15c8c3e3-569c-4029-95df-a9f72049e267]" time="12.207"/>
<testcase classname="heat_tempest_plugin.tests.api.test_heat_api.stacks_stack_list_smoke" name="test_request[id-39c0245e-6055-41cf-9f0e-15adfe55ded6]" time="0.682"/>
<testcase classname="heat_tempest_plugin.tests.api.test_heat_api.stacks_poll_for_empty_create_complete_smoke" name="test_request[id-f575e5c4-2aed-4381-9f0d-2dfcb0640c4b]" time="2.715"/>
<testcase classname="heat_tempest_plugin.tests.api.test_heat_api.stacks_delete_empty_stack_smoke" name="test_request[id-7eca55fe-8300-43b6-a6b8-fb2d99b51911]" time="0.157"/>
<testcase classname="heat_tempest_plugin.tests.api.test_heat_api.stacks_create_stack_smoke" name="test_request[id-56ac2173-97c5-4347-bd32-529a260cfac3]" time="1.125"/>
<testcase classname="heat_tempest_plugin.tests.api.test_heat_api.stacks_show_stack_smoke" name="test_request[id-9b268607-0335-4667-a613-bccf81e66f8f]" time="1.232"/>
<testcase classname="heat_tempest_plugin.tests.api.test_heat_api.stacks_update_stack_smoke" name="test_request[id-6bb1ec02-dd19-4b2c-9a6d-866ce666650f]" time="0.135"/>
<testcase classname="heat_tempest_plugin.tests.api.test_heat_api.softwareconfig_show_deployment" name="test_request[id-d26d1968-4924-11e8-842f-0ed5f89f718b]" time="0.535"/>
<testcase classname="heat_tempest_plugin.tests.api.test_heat_api.resources_list_resources" name="test_request[id-ec53f10d-a89a-4243-8706-629a01ea890f]" time="2.528"/>
<testcase classname="heat_tempest_plugin.tests.api.test_heat_api.resources_show_resource" name="test_request[id-2cbcedc5-0aa7-454e-bf89-a3dd5d379dc1]" time="0.182"/>
<testcase classname="heat_tempest_plugin.tests.api.test_heat_api.resources_mark_resource_unhealthy" name="test_request[id-6031516b-3a8f-4d1b-8990-81a571b5f956]" time="0.092"/>
<testcase classname="heat_tempest_plugin.tests.api.test_heat_api.templates_template_validate" name="test_request[id-f307139b-03d0-4006-92b7-81c86c949727]" time="0.326"/>
<testcase classname="heat_tempest_plugin.tests.functional.test_encrypted_parameter.EncryptedParametersTest" name="test_db_encryption[id-d5bbf763-8eb9-4657-ad3f-e97405b6e1f2]" time="23.815"/>
<testcase classname="heat_tempest_plugin.tests.functional.test_hooks.HooksTest" name="test_hook_pre_create[id-f14cbe86-0392-474a-9f28-bb561745698d]" time="15.546"/>
<testcase classname="heat_tempest_plugin.tests.functional.test_hooks.HooksTest" name="test_hook_pre_create_nested[id-7d96b5f4-4aba-493d-b098-4beea4654a2b]" time="15.834"/>
<testcase classname="heat_tempest_plugin.tests.functional.test_hooks.HooksTest" name="test_hook_pre_create_wildcard[id-cffc0783-3add-4f0c-ac66-03c90f6feeb0]" time="21.133"/>
<testcase classname="heat_tempest_plugin.tests.functional.test_hooks.HooksTest" name="test_hook_pre_update_in_place[id-15c4f97d-5e06-40c6-83af-0e57d5afaff9]" time="15.844"/>
<testcase classname="heat_tempest_plugin.tests.functional.test_hooks.HooksTest" name="test_hook_pre_update_nochange[id-75009076-96eb-43af-b4df-f002704737d2]" time="20.104"/>
<testcase classname="heat_tempest_plugin.tests.functional.test_hooks.HooksTest" name="test_hook_pre_update_replace[id-9f03d1e0-a2d2-42fc-a9c6-47db05b9c8ed]" time="19.781"/>
<testcase classname="heat_tempest_plugin.tests.functional.test_os_wait_condition.OSWaitCondition" name="test_create_stack_with_multi_signal_waitcondition[id-cc54ca6e-b91d-4ddd-80cc-24a886dfaaa0]" time="149.956">
<failure type="testtools.testresult.real._StringException">Traceback (most recent call last):
testtools.testresult.real._StringException: Traceback (most recent call last):
  File "/var/lib/openstack/lib/python3.6/site-packages/heat_tempest_plugin/tests/functional/test_os_wait_condition.py", line 118, in test_create_stack_with_multi_signal_waitcondition
    self.stack_create(template=self.template, parameters=params)
  File "/var/lib/openstack/lib/python3.6/site-packages/heat_tempest_plugin/common/test.py", line 689, in stack_create
    self._wait_for_stack_status(**kwargs)
  File "/var/lib/openstack/lib/python3.6/site-packages/heat_tempest_plugin/common/test.py", line 442, in _wait_for_stack_status
    fail_regexp, is_action_cancelled):
  File "/var/lib/openstack/lib/python3.6/site-packages/heat_tempest_plugin/common/test.py", line 405, in _verify_status
    stack_status_reason=stack.stack_status_reason)
heat_tempest_plugin.common.exceptions.StackBuildErrorException: Stack OSWaitCondition-1081863578/06844a3d-851f-402f-8bd4-ebfddbd572bc is in CREATE_FAILED status due to 'Resource CREATE failed: WaitConditionTimeout: resources.wait_condition: 0 of 25 received'

</failure>
</testcase>
<testcase classname="heat_tempest_plugin.tests.functional.test_preview.StackPreviewTest" name="test_basic_fail[id-54e69a54-762d-479e-a4f4-1fbf21af01c6]" time="0.885"/>
<testcase classname="heat_tempest_plugin.tests.functional.test_preview.StackPreviewTest" name="test_basic_pass[id-4c2c062d-4723-42c0-a113-3307dd4ceb12]" time="0.526"/>
<testcase classname="heat_tempest_plugin.tests.functional.test_preview.StackPreviewTest" name="test_nested_pass[id-0449113c-ff90-4f2b-8825-27ea35c1983f]" time="0.538"/>
<testcase classname="heat_tempest_plugin.tests.functional.test_preview.StackPreviewTest" name="test_res_group_with_nested_template[id-6ca8ddfc-106f-4ecc-83f7-fca31d0c85ca]" time="0.537"/>
<testcase classname="heat_tempest_plugin.tests.functional.test_software_config.ParallelDeploymentsTest" name="test_deployments_metadata[id-8ee231ff-f80a-4a17-a860-5cda87e18ad0]" time="1337.699">
<failure type="testtools.testresult.real._StringException">Traceback (most recent call last):
testtools.testresult.real._StringException: Traceback (most recent call last):
  File "/var/lib/openstack/lib/python3.6/site-packages/heat_tempest_plugin/tests/functional/test_software_config.py", line 105, in test_deployments_metadata
    self._wait_for_stack_status(config_stack, 'CREATE_COMPLETE')
  File "/var/lib/openstack/lib/python3.6/site-packages/heat_tempest_plugin/common/test.py", line 451, in _wait_for_stack_status
    raise exceptions.TimeoutException(message)
heat_tempest_plugin.common.exceptions.TimeoutException: Request timed out
Details: Stack ParallelDeploymentsTest-419665494/f774fb6d-26be-4f85-85a7-a8fcdb811565 failed to reach CREATE_COMPLETE status within the required time (1200 s).

</failure>
</testcase>
<testcase classname="heat_tempest_plugin.tests.functional.test_software_config.ParallelDeploymentsTest" name="test_deployments_timeout_failed[id-bd539232-b999-4bec-b47d-ff4822fc8b82]" time="99.726"/>
<testcase classname="heat_tempest_plugin.tests.functional.test_stack_outputs.StackOutputsTest" name="test_output_error_nested[id-993a403c-c6e2-475d-a65d-a82b8c9e0c22]" time="15.406"/>
<testcase classname="heat_tempest_plugin.tests.functional.test_stack_outputs.StackOutputsTest" name="test_outputs[id-a886dd67-4506-4a37-82ae-43f0a7d83f35]" time="10.693"/>
<testcase classname="heat_tempest_plugin.tests.functional.test_stack_outputs.StackOutputsTest" name="test_outputs_update_new_resource[id-aea0e495-4c77-4033-8c43-3351e9cb7b48]" time="14.711"/>
<testcase classname="heat_tempest_plugin.tests.functional.test_templates.TemplateAPITest" name="test_get_stack_template[id-ac6ebc41-bd6a-4df4-80e5-f4b9ae3b5506]" time="10.936"/>
<testcase classname="heat_tempest_plugin.tests.functional.test_templates.TemplateAPITest" name="test_resource_types[id-9f9a2fc0-f029-4d1f-a2eb-f019b9f75944]" time="3.317"/>
<testcase classname="heat_tempest_plugin.tests.functional.test_templates.TemplateAPITest" name="test_show_resource_template[id-fafbdcd0-eec3-4e6f-9c88-1e4835d085cf]" time="0.545"/>
<testcase classname="heat_tempest_plugin.tests.functional.test_unicode_template.StackUnicodeTemplateTest" name="test_create_stack[id-d2c4a10c-3cb4-4efd-889d-695a0acbd04f]" time="10.328"/>
<testcase classname="heat_tempest_plugin.tests.functional.test_unicode_template.StackUnicodeTemplateTest" name="test_stack_preview[id-66338945-a3ae-4e3a-aa17-ab802ceb00b1]" time="0.627"/>
<testcase classname="heat_tempest_plugin.tests.functional.test_unicode_template.StackUnicodeTemplateTest" name="test_template_validate_basic[id-871cc5dd-7550-494d-8c6d-9d549a8c0305]" time="0.528"/>
<testcase classname="heat_tempest_plugin.tests.functional.test_unicode_template.StackUnicodeTemplateTest" name="test_template_validate_override_default[id-e84c76b8-a5e5-45e7-9c4b-4c160d1c385f]" time="0.505"/>
<testcase classname="heat_tempest_plugin.tests.scenario.test_aodh_alarm.AodhAlarmTest" name="test_alarm[id-fc0f18a6-f65c-4df1-b9c5-e160dea59849]" time="0.002">
<skipped>Test disabled in conf, skipping</skipped>
</testcase>
<testcase classname="heat_tempest_plugin.tests.scenario.test_remote_deeply_nested.RemoteDeeplyNestedStackTest" name="test_remote_nested[id-2ed94cae-da14-4060-a6b3-526e7a8cbbe4]" time="20.120"/>
<testcase classname="" name="setUpClass (designate_tempest_plugin.tests.api.v1.test_records.RecordsTest)" time="0.000">
<skipped>RecordsTest skipped as designate v1 API is not available</skipped>
</testcase>
<testcase classname="designate_tempest_plugin.tests.api.v2.test_blacklists.BlacklistsAdminTest" name="test_create_blacklist[id-3a7f7564-6bdd-446e-addc-a3475b4c3f71]" time="0.606"/>
<testcase classname="designate_tempest_plugin.tests.api.v2.test_blacklists.BlacklistsAdminTest" name="test_delete_blacklist[id-dcea40d9-8d36-43cb-8440-4a842faaef0d]" time="0.171"/>
<testcase classname="designate_tempest_plugin.tests.api.v2.test_blacklists.BlacklistsAdminTest" name="test_list_blacklists[id-3a2a1e6c-8176-428c-b5dd-d85217c0209d]" time="0.156"/>
<testcase classname="designate_tempest_plugin.tests.api.v2.test_blacklists.BlacklistsAdminTest" name="test_show_blacklist[id-5bc02942-6225-4619-8f49-2105581a8dd6]" time="0.168"/>
<testcase classname="designate_tempest_plugin.tests.api.v2.test_blacklists.BlacklistsAdminTest" name="test_update_blacklist[id-0063d6ad-9557-49c7-b521-e64a14d4d0d0]" time="0.175"/>
<testcase classname="designate_tempest_plugin.tests.api.v2.test_pool.TestPoolInvalidIdAdmin" name="test_delete_pool_invalid_uuid[id-bf5ad3be-2e79-439d-b247-902fe198143b]" time="0.182"/>
<testcase classname="designate_tempest_plugin.tests.api.v2.test_pool.TestPoolInvalidIdAdmin" name="test_show_pool_invalid_uuid[id-081d0188-42a7-4953-af0e-b022960715e2]" time="0.030"/>
<testcase classname="designate_tempest_plugin.tests.api.v2.test_pool.TestPoolInvalidIdAdmin" name="test_update_pool_invalid_uuid[id-f4ab4f5a-d7f0-4758-b232-8338f02d7c5c]" time="0.027"/>
<testcase classname="designate_tempest_plugin.tests.api.v2.test_recordset.RecordsetsNegativeTest" name="test_create_recordset_invalid_00001_CNAME_multiple[id-98c94f8c-217a-4056-b996-b1f856d0753e]" time="0.076"/>
<testcase classname="designate_tempest_plugin.tests.api.v2.test_recordset.RecordsetsNegativeTest" name="test_create_recordset_invalid_00002_CNAME_at_Apex[id-98c94f8c-217a-4056-b996-b1f856d0753e]" time="0.067"/>
<testcase classname="designate_tempest_plugin.tests.api.v2.test_recordset.RecordsetsNegativeTest" name="test_delete_nonexistent_recordset[id-64bd94d4-54bd-4bee-b6fd-92ede063234e]" time="5.728"/>
<testcase classname="designate_tempest_plugin.tests.api.v2.test_recordset.RecordsetsNegativeTest" name="test_delete_nonexistent_recordset_invalid_id[id-5948b599-a332-4dcb-840b-afc825075ba3]" time="5.785"/>
<testcase classname="designate_tempest_plugin.tests.api.v2.test_recordset.RecordsetsNegativeTest" name="test_get_nonexistent_recordset[id-b6dad57e-5ce9-4fa5-8d66-aebbcd23b4ad]" time="5.768"/>
<testcase classname="designate_tempest_plugin.tests.api.v2.test_recordset.RecordsetsNegativeTest" name="test_get_nonexistent_recordset_invalid_id[id-93d744a8-0dfd-4650-bcef-1e6ad632ad72]" time="5.925"/>
<testcase classname="designate_tempest_plugin.tests.api.v2.test_recordset.RecordsetsNegativeTest" name="test_update_nonexistent_recordset[id-da08f19a-7f10-47cc-8b41-994507190812]" time="5.757"/>
<testcase classname="designate_tempest_plugin.tests.api.v2.test_recordset.RecordsetsNegativeTest" name="test_update_nonexistent_recordset_invalid_id[id-158340a1-3f69-4aaa-9968-956190563768]" time="5.763"/>
<testcase classname="designate_tempest_plugin.tests.api.v2.test_recordset.RootRecordsetsTests" name="test_get_single_zones_recordsets[id-65ec0495-81d9-4cfb-8007-9d93b32ae883]" time="0.422"/>
<testcase classname="designate_tempest_plugin.tests.api.v2.test_recordset.RootRecordsetsTests" name="test_list_filter_zones_recordsets[id-a8e41020-65be-453b-a8c1-2497d539c345]" time="6.152"/>
<testcase classname="designate_tempest_plugin.tests.api.v2.test_recordset.RootRecordsetsTests" name="test_list_zones_recordsets[id-48a081b9-4474-4da0-9b1a-6359a80456ce]" time="0.069"/>
<testcase classname="designate_tempest_plugin.tests.api.v2.test_recordset.RootRecordsetsTests" name="test_list_zones_recordsets_zone_names[id-7f4970bf-9aeb-4a3c-9afd-02f5a7178d35]" time="5.802"/>
<testcase classname="designate_tempest_plugin.tests.api.v2.test_tld.TestTldInvalidIdAdmin" name="test_delete_tld_invalid_uuid[id-6a6fc9db-9a73-4ffc-831a-172e1cbc7394]" time="0.437"/>
<testcase classname="designate_tempest_plugin.tests.api.v2.test_tld.TestTldInvalidIdAdmin" name="test_show_tld_invalid_uuid[id-f9ec0730-57ff-4720-8d06-e11d377c7cfc]" time="0.026"/>
<testcase classname="designate_tempest_plugin.tests.api.v2.test_tld.TestTldInvalidIdAdmin" name="test_update_tld_invalid_uuid[id-13dc6518-b479-4502-90f5-f5a5ecc8b1fb]" time="0.028"/>
<testcase classname="designate_tempest_plugin.tests.api.v2.test_tsigkey.TestTsigkeyNotFoundAdmin" name="test_delete_tsigkey_404[id-ba438ede-4823-4922-8f4c-8de278f3d454]" time="0.150"/>
<testcase classname="designate_tempest_plugin.tests.api.v2.test_tsigkey.TestTsigkeyNotFoundAdmin" name="test_show_tsigkey_404[id-824c9b49-edc5-4282-929e-467a158d23e4]" time="0.041"/>
<testcase classname="designate_tempest_plugin.tests.api.v2.test_tsigkey.TestTsigkeyNotFoundAdmin" name="test_update_tsigkey_404[id-4ef3493a-ee66-4c62-b070-c57fa9568b69]" time="0.044"/>
<testcase classname="designate_tempest_plugin.tests.api.v2.test_zones.ZoneOwnershipTest" name="test_no_create_duplicate_domain[id-5d28580a-a012-4b57-b211-e077b1a01340]" time="6.424"/>
<testcase classname="designate_tempest_plugin.tests.api.v2.test_zones.ZoneOwnershipTest" name="test_no_create_subdomain_by_alt_user[id-a48776fd-b1aa-4a25-9f09-d1d34cfbb175]" time="5.987"/>
<testcase classname="designate_tempest_plugin.tests.api.v2.test_zones.ZoneOwnershipTest" name="test_no_create_superdomain_by_alt_user[id-f1723d48-c082-43cd-94bf-ebeb5b8c9458]" time="5.895"/>
<testcase classname="designate_tempest_plugin.tests.api.v2.test_zones.ZonesTest" name="test_create_zone[id-9d2e20fc-e56f-4a62-9c61-9752a9ec615c]" time="6.096"/>
<testcase classname="designate_tempest_plugin.tests.api.v2.test_zones.ZonesTest" name="test_delete_zone[id-a4791906-6cd6-4d27-9f15-32273db8bb3d,smoke]" time="5.840"/>
<testcase classname="designate_tempest_plugin.tests.api.v2.test_zones.ZonesTest" name="test_list_zones[id-5bfa3cfe-5bc8-443b-bf48-cfba44cbb247]" time="5.798"/>
<testcase classname="designate_tempest_plugin.tests.api.v2.test_zones.ZonesTest" name="test_list_zones_dot_json_fails[id-925192f2-0ed8-4591-8fe7-a9fa028f90a0]" time="0.024"/>
<testcase classname="designate_tempest_plugin.tests.api.v2.test_zones.ZonesTest" name="test_show_zone[id-02ca5d6a-86ce-4f02-9d94-9e5db55c3055]" time="5.777"/>
<testcase classname="designate_tempest_plugin.tests.api.v2.test_zones.ZonesTest" name="test_update_zone[id-123f51cb-19d5-48a9-aacc-476742c02141]" time="5.891"/>
<testcase classname="designate_tempest_plugin.tests.scenario.v2.test_zones_export.ZonesExportTest" name="test_create_zone_export_and_show_exported_zonefile[id-0484c3c4-df57-458e-a6e5-6eb63e0475e0,slow]" time="6.466"/>
<testcase classname="designate_tempest_plugin.tests.scenario.v2.test_zones_import.ZonesImportTest" name="test_create_zone_import_and_wait_for_zone[id-679f38d0-2f2f-49c5-934e-8fe0c452f56e,slow]" time="41.830"/>
<testcase classname="" name="setUpClass (barbican_tempest_plugin.tests.scenario.test_ephemeral_disk_encryption.EphemeralStorageEncryptionTest)" time="0.000">
<skipped>Ephemeral storage encryption is not supported</skipped>
</testcase>
<testcase classname="barbican_tempest_plugin.tests.test_barbican_tempest_plugin.TestBarbican_tempest_plugin" name="test_something[id-8abf6dec-37b9-43ca-95cf-b8ebecda3c8d]" time="0.000"/>
</testsuite>
